[2015-06-06 00:53:08.593] [INFO] crash-log - [32m[/home/wyw/Documents/Galaxy/game-server/node_modules/pomelo/lib/master/master.js] [39m[connector],[connector-server-2],[1433523188593],[disconnect]
<<<<<<< Updated upstream
[2015-06-15 00:40:22.482] [INFO] crash-log - [32m[E:\Codes\Git\GalaxyServer\game-server\node_modules\pomelo\lib\master\master.js] [39m[gameHall],[gameHall-server-1],[1434300022482],[disconnect]
[2015-06-15 03:48:57.550] [INFO] crash-log - [32m[E:\Codes\Git\GalaxyServer\game-server\node_modules\pomelo\lib\master\master.js] [39m[connector],[connector-server-2],[1434311337550],[disconnect]
[2015-06-15 03:48:57.616] [INFO] crash-log - [32m[E:\Codes\Git\GalaxyServer\game-server\node_modules\pomelo\lib\master\master.js] [39m[master],[master-server-1],[1434311337616],[disconnect]
[2015-06-15 03:48:57.635] [INFO] crash-log - [32m[E:\Codes\Git\GalaxyServer\game-server\node_modules\pomelo\lib\master\master.js] [39m[connector],[connector-server-1],[1434311337635],[disconnect]
[2015-06-15 03:48:57.654] [INFO] crash-log - [32m[E:\Codes\Git\GalaxyServer\game-server\node_modules\pomelo\lib\master\master.js] [39m[gate],[gate-server-1],[1434311337654],[disconnect]
[2015-06-15 03:48:57.693] [INFO] crash-log - [32m[E:\Codes\Git\GalaxyServer\game-server\node_modules\pomelo\lib\master\master.js] [39m[gameHall],[gameHall-server-1],[1434311337693],[disconnect]
[2015-06-15 09:04:34.303] [INFO] crash-log - [32m[E:\Codes\Git\GalaxyServer\game-server\node_modules\pomelo\lib\master\master.js] [39m[gameHall],[gameHall-server-1],[1434330274302],[disconnect]
[2015-06-15 09:04:37.653] [INFO] crash-log - [32m[E:\Codes\Git\GalaxyServer\game-server\node_modules\pomelo\lib\master\master.js] [39m[connector],[connector-server-2],[1434330277653],[disconnect]
[2015-06-15 09:04:37.662] [INFO] crash-log - [32m[E:\Codes\Git\GalaxyServer\game-server\node_modules\pomelo\lib\master\master.js] [39m[connector],[connector-server-1],[1434330277662],[disconnect]
[2015-06-15 09:04:37.688] [INFO] crash-log - [32m[E:\Codes\Git\GalaxyServer\game-server\node_modules\pomelo\lib\master\master.js] [39m[master],[master-server-1],[1434330277688],[disconnect]
[2015-06-15 09:04:37.705] [INFO] crash-log - [32m[E:\Codes\Git\GalaxyServer\game-server\node_modules\pomelo\lib\master\master.js] [39m[gate],[gate-server-1],[1434330277705],[disconnect]
[2015-06-15 13:39:08.321] [INFO] crash-log - [32m[E:\Codes\Git\GalaxyServer\game-server\node_modules\pomelo\lib\master\master.js] [39m[connector],[connector-server-1],[1434346748321],[disconnect]
[2015-06-15 13:39:08.430] [INFO] crash-log - [32m[E:\Codes\Git\GalaxyServer\game-server\node_modules\pomelo\lib\master\master.js] [39m[gate],[gate-server-1],[1434346748430],[disconnect]
[2015-06-15 13:39:08.866] [INFO] crash-log - [32m[E:\Codes\Git\GalaxyServer\game-server\node_modules\pomelo\lib\master\master.js] [39m[connector],[connector-server-2],[1434346748866],[disconnect]
[2015-06-15 13:39:08.874] [INFO] crash-log - [32m[E:\Codes\Git\GalaxyServer\game-server\node_modules\pomelo\lib\master\master.js] [39m[master],[master-server-1],[1434346748874],[disconnect]
[2015-06-15 13:39:08.883] [INFO] crash-log - [32m[E:\Codes\Git\GalaxyServer\game-server\node_modules\pomelo\lib\master\master.js] [39m[gameHall],[gameHall-server-1],[1434346748883],[disconnect]
[2015-06-15 17:27:50.647] [INFO] crash-log - [32m[E:\Codes\Git\GalaxyServer\game-server\node_modules\pomelo\lib\master\master.js] [39m[connector],[connector-server-1],[1434360470647],[disconnect]
[2015-06-15 17:27:50.650] [INFO] crash-log - [32m[E:\Codes\Git\GalaxyServer\game-server\node_modules\pomelo\lib\master\master.js] [39m[connector],[connector-server-2],[1434360470650],[disconnect]
[2015-06-15 17:27:50.653] [INFO] crash-log - [32m[E:\Codes\Git\GalaxyServer\game-server\node_modules\pomelo\lib\master\master.js] [39m[master],[master-server-1],[1434360470652],[disconnect]
[2015-06-15 17:27:50.655] [INFO] crash-log - [32m[E:\Codes\Git\GalaxyServer\game-server\node_modules\pomelo\lib\master\master.js] [39m[gate],[gate-server-1],[1434360470655],[disconnect]
[2015-06-15 17:27:52.199] [INFO] crash-log - [32m[E:\Codes\Git\GalaxyServer\game-server\node_modules\pomelo\lib\master\master.js] [39m[gameHall],[gameHall-server-1],[1434360472199],[disconnect]
=======
[2015-06-15 18:34:48.428] [INFO] crash-log - [32m[/home/wyw/Documents/Galaxy/game-server/node_modules/pomelo/lib/master/master.js] [39m[connector],[connector-server-1],[1434364488427],[disconnect]
[2015-06-15 20:01:30.230] [INFO] crash-log - [32m[/home/wyw/Documents/Galaxy/game-server/node_modules/pomelo/lib/master/master.js] [39m[master],[master-server-1],[1434369690229],[disconnect]
[2015-06-15 20:01:30.290] [INFO] crash-log - [32m[/home/wyw/Documents/Galaxy/game-server/node_modules/pomelo/lib/master/master.js] [39m[gate],[gate-server-1],[1434369690290],[disconnect]
[2015-06-15 20:01:30.293] [INFO] crash-log - [32m[/home/wyw/Documents/Galaxy/game-server/node_modules/pomelo/lib/master/master.js] [39m[gameHall],[gameHall-server-1],[1434369690293],[disconnect]
>>>>>>> Stashed changes
