[2015-06-06 00:22:51.861] [INFO] pomelo - [32m[/home/wyw/Documents/Galaxy/game-server/node_modules/pomelo/lib/application.js] [39mapplication inited: "connector-server-2"
[2015-06-06 00:23:53.182] [INFO] pomelo - [32m[/home/wyw/Documents/Galaxy/game-server/node_modules/pomelo/lib/application.js] [39mapplication inited: "connector-server-2"
[2015-06-06 00:24:57.982] [INFO] pomelo - [32m[/home/wyw/Documents/Galaxy/game-server/node_modules/pomelo/lib/application.js] [39mapplication inited: "connector-server-2"
[2015-06-06 00:24:58.600] [INFO] pomelo - [32m[/home/wyw/Documents/Galaxy/game-server/node_modules/pomelo/lib/application.js] [39m"connector-server-2" enter after start...
[2015-06-06 00:24:58.602] [INFO] pomelo - [32m[/home/wyw/Documents/Galaxy/game-server/node_modules/pomelo/lib/application.js] [39m"connector-server-2" finish start
[2015-06-06 00:24:58.603] [INFO] pomelo - [32m[/home/wyw/Documents/Galaxy/game-server/node_modules/pomelo/lib/application.js] [39m"connector-server-2" startup in 528 ms
[2015-06-06 00:27:20.341] [INFO] pomelo - [32m[/home/wyw/Documents/Galaxy/game-server/node_modules/pomelo/lib/application.js] [39mapplication inited: "connector-server-2"
[2015-06-06 00:27:22.061] [INFO] pomelo - [32m[/home/wyw/Documents/Galaxy/game-server/node_modules/pomelo/lib/application.js] [39m"connector-server-2" enter after start...
[2015-06-06 00:27:22.064] [INFO] pomelo - [32m[/home/wyw/Documents/Galaxy/game-server/node_modules/pomelo/lib/application.js] [39m"connector-server-2" finish start
[2015-06-06 00:27:22.064] [INFO] pomelo - [32m[/home/wyw/Documents/Galaxy/game-server/node_modules/pomelo/lib/application.js] [39m"connector-server-2" startup in 1413 ms
[2015-06-06 00:27:46.209] [INFO] pomelo - [32m[/home/wyw/Documents/Galaxy/game-server/node_modules/pomelo/lib/application.js] [39mapplication inited: "connector-server-2"
[2015-06-06 00:27:46.857] [INFO] pomelo - [32m[/home/wyw/Documents/Galaxy/game-server/node_modules/pomelo/lib/application.js] [39m"connector-server-2" enter after start...
[2015-06-06 00:27:46.860] [INFO] pomelo - [32m[/home/wyw/Documents/Galaxy/game-server/node_modules/pomelo/lib/application.js] [39m"connector-server-2" finish start
[2015-06-06 00:27:46.860] [INFO] pomelo - [32m[/home/wyw/Documents/Galaxy/game-server/node_modules/pomelo/lib/application.js] [39m"connector-server-2" startup in 548 ms
[2015-06-06 00:31:02.733] [INFO] pomelo - [32m[/home/wyw/Documents/Galaxy/game-server/node_modules/pomelo/lib/application.js] [39mapplication inited: "connector-server-2"
[2015-06-06 00:31:03.752] [INFO] pomelo - [32m[/home/wyw/Documents/Galaxy/game-server/node_modules/pomelo/lib/application.js] [39m"connector-server-2" enter after start...
[2015-06-06 00:31:03.754] [INFO] pomelo - [32m[/home/wyw/Documents/Galaxy/game-server/node_modules/pomelo/lib/application.js] [39m"connector-server-2" finish start
[2015-06-06 00:31:03.754] [INFO] pomelo - [32m[/home/wyw/Documents/Galaxy/game-server/node_modules/pomelo/lib/application.js] [39m"connector-server-2" startup in 930 ms
[2015-06-06 00:32:29.991] [INFO] pomelo - [32m[/home/wyw/Documents/Galaxy/game-server/node_modules/pomelo/lib/application.js] [39mapplication inited: "connector-server-2"
[2015-06-06 00:32:30.525] [INFO] pomelo - [32m[/home/wyw/Documents/Galaxy/game-server/node_modules/pomelo/lib/application.js] [39m"connector-server-2" enter after start...
[2015-06-06 00:32:30.527] [INFO] pomelo - [32m[/home/wyw/Documents/Galaxy/game-server/node_modules/pomelo/lib/application.js] [39m"connector-server-2" finish start
[2015-06-06 00:32:30.528] [INFO] pomelo - [32m[/home/wyw/Documents/Galaxy/game-server/node_modules/pomelo/lib/application.js] [39m"connector-server-2" startup in 463 ms
[2015-06-06 00:34:46.398] [INFO] pomelo - [32m[/home/wyw/Documents/Galaxy/game-server/node_modules/pomelo/lib/application.js] [39mapplication inited: "connector-server-2"
[2015-06-06 00:34:47.031] [INFO] pomelo - [32m[/home/wyw/Documents/Galaxy/game-server/node_modules/pomelo/lib/application.js] [39m"connector-server-2" enter after start...
[2015-06-06 00:34:47.034] [INFO] pomelo - [32m[/home/wyw/Documents/Galaxy/game-server/node_modules/pomelo/lib/application.js] [39m"connector-server-2" finish start
[2015-06-06 00:34:47.035] [INFO] pomelo - [32m[/home/wyw/Documents/Galaxy/game-server/node_modules/pomelo/lib/application.js] [39m"connector-server-2" startup in 583 ms
[2015-06-06 00:34:47.036] [DEBUG] pomelo - [36m[/home/wyw/Documents/Galaxy/game-server/node_modules/pomelo/lib/modules/monitorwatcher.js] [39m[connector-server-2] receive addServer signal: {"action":"addServer","server":{"main":"/home/wyw/Documents/Galaxy/game-server/app.js","env":"development","id":"connector-server-1","host":"127.0.0.1","port":3150,"clientPort":3010,"frontend":"true","serverType":"connector","pid":13099}}
[2015-06-06 00:37:26.017] [INFO] pomelo - [32m[/home/wyw/Documents/Galaxy/game-server/node_modules/pomelo/lib/application.js] [39mapplication inited: "connector-server-2"
[2015-06-06 00:37:27.877] [INFO] pomelo - [32m[/home/wyw/Documents/Galaxy/game-server/node_modules/pomelo/lib/application.js] [39m"connector-server-2" enter after start...
[2015-06-06 00:37:27.879] [INFO] pomelo - [32m[/home/wyw/Documents/Galaxy/game-server/node_modules/pomelo/lib/application.js] [39m"connector-server-2" finish start
[2015-06-06 00:37:27.880] [INFO] pomelo - [32m[/home/wyw/Documents/Galaxy/game-server/node_modules/pomelo/lib/application.js] [39m"connector-server-2" startup in 1326 ms
[2015-06-06 00:37:27.881] [DEBUG] pomelo - [36m[/home/wyw/Documents/Galaxy/game-server/node_modules/pomelo/lib/modules/monitorwatcher.js] [39m[connector-server-2] receive addServer signal: {"action":"addServer","server":{"main":"/home/wyw/Documents/Galaxy/game-server/app.js","env":"development","id":"connector-server-1","host":"127.0.0.1","port":3150,"clientPort":3010,"frontend":"true","serverType":"connector","pid":13203}}
[2015-06-06 00:41:07.200] [INFO] pomelo - [32m[/home/wyw/Documents/Galaxy/game-server/node_modules/pomelo/lib/application.js] [39mapplication inited: "connector-server-2"
[2015-06-06 00:41:13.573] [INFO] pomelo - [32m[/home/wyw/Documents/Galaxy/game-server/node_modules/pomelo/lib/application.js] [39m"connector-server-2" enter after start...
[2015-06-06 00:41:13.577] [INFO] pomelo - [32m[/home/wyw/Documents/Galaxy/game-server/node_modules/pomelo/lib/application.js] [39m"connector-server-2" finish start
[2015-06-06 00:41:13.577] [INFO] pomelo - [32m[/home/wyw/Documents/Galaxy/game-server/node_modules/pomelo/lib/application.js] [39m"connector-server-2" startup in 3508 ms
[2015-06-06 00:41:13.578] [DEBUG] pomelo - [36m[/home/wyw/Documents/Galaxy/game-server/node_modules/pomelo/lib/modules/monitorwatcher.js] [39m[connector-server-2] receive addServer signal: {"action":"addServer","server":{"main":"/home/wyw/Documents/Galaxy/game-server/app.js","env":"development","id":"gate-server-1","host":"127.0.0.1","port":3350,"clientPort":3014,"frontend":"true","serverType":"gate","pid":13477}}
[2015-06-06 00:43:45.700] [INFO] pomelo - [32m[/home/wyw/Documents/Galaxy/game-server/node_modules/pomelo/lib/application.js] [39mapplication inited: "connector-server-2"
[2015-06-06 00:43:48.125] [INFO] pomelo - [32m[/home/wyw/Documents/Galaxy/game-server/node_modules/pomelo/lib/application.js] [39m"connector-server-2" enter after start...
[2015-06-06 00:43:48.131] [INFO] pomelo - [32m[/home/wyw/Documents/Galaxy/game-server/node_modules/pomelo/lib/application.js] [39m"connector-server-2" finish start
[2015-06-06 00:43:48.131] [INFO] pomelo - [32m[/home/wyw/Documents/Galaxy/game-server/node_modules/pomelo/lib/application.js] [39m"connector-server-2" startup in 1502 ms
[2015-06-06 00:43:48.132] [DEBUG] pomelo - [36m[/home/wyw/Documents/Galaxy/game-server/node_modules/pomelo/lib/modules/monitorwatcher.js] [39m[connector-server-2] receive addServer signal: {"action":"addServer","server":{"main":"/home/wyw/Documents/Galaxy/game-server/app.js","env":"development","id":"connector-server-1","host":"127.0.0.1","port":3150,"clientPort":3010,"frontend":"true","serverType":"connector","pid":13627}}
[2015-06-06 00:46:55.953] [INFO] pomelo - [32m[/home/wyw/Documents/Galaxy/game-server/node_modules/pomelo/lib/application.js] [39mapplication inited: "connector-server-2"
[2015-06-06 00:46:57.628] [INFO] pomelo - [32m[/home/wyw/Documents/Galaxy/game-server/node_modules/pomelo/lib/application.js] [39m"connector-server-2" enter after start...
[2015-06-06 00:46:57.631] [INFO] pomelo - [32m[/home/wyw/Documents/Galaxy/game-server/node_modules/pomelo/lib/application.js] [39m"connector-server-2" finish start
[2015-06-06 00:46:57.632] [INFO] pomelo - [32m[/home/wyw/Documents/Galaxy/game-server/node_modules/pomelo/lib/application.js] [39m"connector-server-2" startup in 844 ms
[2015-06-06 00:50:15.329] [INFO] pomelo - [32m[/home/wyw/Documents/Galaxy/game-server/node_modules/pomelo/lib/application.js] [39mapplication inited: "connector-server-2"
[2015-06-06 00:50:18.813] [INFO] pomelo - [32m[/home/wyw/Documents/Galaxy/game-server/node_modules/pomelo/lib/application.js] [39m"connector-server-2" enter after start...
[2015-06-06 00:50:18.816] [INFO] pomelo - [32m[/home/wyw/Documents/Galaxy/game-server/node_modules/pomelo/lib/application.js] [39m"connector-server-2" finish start
[2015-06-06 00:50:18.816] [INFO] pomelo - [32m[/home/wyw/Documents/Galaxy/game-server/node_modules/pomelo/lib/application.js] [39m"connector-server-2" startup in 1808 ms
[2015-06-06 01:48:09.401] [INFO] pomelo - [32m[/home/wyw/Documents/Galaxy/game-server/node_modules/pomelo/lib/application.js] [39mapplication inited: "connector-server-2"
[2015-06-06 01:48:11.430] [INFO] pomelo - [32m[/home/wyw/Documents/Galaxy/game-server/node_modules/pomelo/lib/application.js] [39m"connector-server-2" enter after start...
[2015-06-06 01:48:11.434] [INFO] pomelo - [32m[/home/wyw/Documents/Galaxy/game-server/node_modules/pomelo/lib/application.js] [39m"connector-server-2" finish start
[2015-06-06 01:48:11.435] [INFO] pomelo - [32m[/home/wyw/Documents/Galaxy/game-server/node_modules/pomelo/lib/application.js] [39m"connector-server-2" startup in 1341 ms
[2015-06-06 01:54:04.004] [INFO] pomelo - [32m[/home/wyw/Documents/Galaxy/game-server/node_modules/pomelo/lib/application.js] [39mapplication inited: "connector-server-2"
[2015-06-06 01:54:06.648] [INFO] pomelo - [32m[/home/wyw/Documents/Galaxy/game-server/node_modules/pomelo/lib/application.js] [39m"connector-server-2" enter after start...
[2015-06-06 01:54:06.650] [INFO] pomelo - [32m[/home/wyw/Documents/Galaxy/game-server/node_modules/pomelo/lib/application.js] [39m"connector-server-2" finish start
[2015-06-06 01:54:06.651] [INFO] pomelo - [32m[/home/wyw/Documents/Galaxy/game-server/node_modules/pomelo/lib/application.js] [39m"connector-server-2" startup in 1617 ms
[2015-06-06 01:54:06.652] [DEBUG] pomelo - [36m[/home/wyw/Documents/Galaxy/game-server/node_modules/pomelo/lib/modules/monitorwatcher.js] [39m[connector-server-2] receive addServer signal: {"action":"addServer","server":{"main":"/home/wyw/Documents/Galaxy/game-server/app.js","env":"development","id":"connector-server-1","host":"127.0.0.1","port":3150,"clientPort":3010,"frontend":"true","serverType":"connector","pid":15376}}
[2015-06-07 15:50:56.833] [INFO] pomelo - [32m[/home/wyw/Documents/Galaxy/game-server/node_modules/pomelo/lib/application.js] [39mapplication inited: "connector-server-2"
[2015-06-07 15:50:59.291] [INFO] pomelo - [32m[/home/wyw/Documents/Galaxy/game-server/node_modules/pomelo/lib/application.js] [39m"connector-server-2" enter after start...
[2015-06-07 15:50:59.302] [INFO] pomelo - [32m[/home/wyw/Documents/Galaxy/game-server/node_modules/pomelo/lib/application.js] [39m"connector-server-2" finish start
[2015-06-07 15:50:59.303] [INFO] pomelo - [32m[/home/wyw/Documents/Galaxy/game-server/node_modules/pomelo/lib/application.js] [39m"connector-server-2" startup in 1938 ms
[2015-06-07 15:50:59.306] [DEBUG] pomelo - [36m[/home/wyw/Documents/Galaxy/game-server/node_modules/pomelo/lib/modules/monitorwatcher.js] [39m[connector-server-2] receive addServer signal: {"action":"addServer","server":{"main":"/home/wyw/Documents/Galaxy/game-server/app.js","env":"development","id":"connector-server-1","host":"127.0.0.1","port":3150,"clientPort":3010,"frontend":"true","serverType":"connector","pid":3744}}
[2015-06-07 15:50:59.308] [DEBUG] pomelo - [36m[/home/wyw/Documents/Galaxy/game-server/node_modules/pomelo/lib/modules/monitorwatcher.js] [39m[connector-server-2] receive addServer signal: {"action":"addServer","server":{"main":"/home/wyw/Documents/Galaxy/game-server/app.js","env":"development","id":"gate-server-1","host":"127.0.0.1","port":3350,"clientPort":3014,"frontend":"true","serverType":"gate","pid":3749}}
[2015-06-07 16:08:43.543] [DEBUG] pomelo - [36m[/home/wyw/Documents/Galaxy/game-server/node_modules/pomelo/lib/components/connector.js] [39m[connector-server-2] getSession session is created with session id: 1
[2015-06-07 16:08:43.555] [DEBUG] pomelo - [36m[/home/wyw/Documents/Galaxy/game-server/node_modules/pomelo/lib/components/connector.js] [39m[connector-server-2] handleMessage session id: 1, msg: {"id":2,"type":0,"compressRoute":1,"route":"connector.entryHandler.entry","body":{},"compressGzip":0}
[2015-06-07 16:08:43.568] [DEBUG] pomelo - [36m[/home/wyw/Documents/Galaxy/game-server/node_modules/pomelo/lib/components/connector.js] [39msession on [connector-server-2] bind with uid: 21
[2015-06-07 16:08:43.574] [DEBUG] pomelo - [36m[/home/wyw/Documents/Galaxy/game-server/node_modules/pomelo/lib/components/connector.js] [39m[connector-server-2] send message reqId: 2, route: connector.entryHandler.entry, msg: {"code":200,"playerId":21}, receivers: [1], opts: {"type":"response","userOptions":{},"isResponse":true}
[2015-06-07 16:09:20.393] [DEBUG] pomelo - [36m[/home/wyw/Documents/Galaxy/game-server/node_modules/pomelo/lib/common/service/sessionService.js] [39msession on [connector-server-2] is closed with session id: 1
[2015-06-08 21:42:39.573] [INFO] pomelo - [32m[/home/wyw/Documents/Galaxy/game-server/node_modules/pomelo/lib/application.js] [39mapplication inited: "connector-server-2"
[2015-06-08 21:42:41.506] [INFO] pomelo - [32m[/home/wyw/Documents/Galaxy/game-server/node_modules/pomelo/lib/application.js] [39m"connector-server-2" enter after start...
[2015-06-08 21:42:41.509] [INFO] pomelo - [32m[/home/wyw/Documents/Galaxy/game-server/node_modules/pomelo/lib/application.js] [39m"connector-server-2" finish start
[2015-06-08 21:42:41.510] [INFO] pomelo - [32m[/home/wyw/Documents/Galaxy/game-server/node_modules/pomelo/lib/application.js] [39m"connector-server-2" startup in 1112 ms
[2015-06-08 22:34:16.886] [INFO] pomelo - [32m[/home/wyw/Documents/Galaxy/game-server/node_modules/pomelo/lib/application.js] [39mapplication inited: "connector-server-2"
[2015-06-08 22:34:17.604] [INFO] pomelo - [32m[/home/wyw/Documents/Galaxy/game-server/node_modules/pomelo/lib/application.js] [39m"connector-server-2" enter after start...
[2015-06-08 22:34:17.607] [INFO] pomelo - [32m[/home/wyw/Documents/Galaxy/game-server/node_modules/pomelo/lib/application.js] [39m"connector-server-2" finish start
[2015-06-08 22:34:17.607] [INFO] pomelo - [32m[/home/wyw/Documents/Galaxy/game-server/node_modules/pomelo/lib/application.js] [39m"connector-server-2" startup in 644 ms
[2015-06-09 19:59:15.236] [INFO] pomelo - [32m[/home/wyw/Documents/Galaxy/game-server/node_modules/pomelo/lib/application.js] [39mapplication inited: "connector-server-2"
[2015-06-09 19:59:15.828] [INFO] pomelo - [32m[/home/wyw/Documents/Galaxy/game-server/node_modules/pomelo/lib/application.js] [39m"connector-server-2" enter after start...
[2015-06-09 19:59:15.832] [INFO] pomelo - [32m[/home/wyw/Documents/Galaxy/game-server/node_modules/pomelo/lib/application.js] [39m"connector-server-2" finish start
[2015-06-09 19:59:15.832] [INFO] pomelo - [32m[/home/wyw/Documents/Galaxy/game-server/node_modules/pomelo/lib/application.js] [39m"connector-server-2" startup in 493 ms
[2015-06-09 19:59:15.835] [DEBUG] pomelo - [36m[/home/wyw/Documents/Galaxy/game-server/node_modules/pomelo/lib/modules/monitorwatcher.js] [39m[connector-server-2] receive addServer signal: {"action":"addServer","server":{"main":"/home/wyw/Documents/Galaxy/game-server/app.js","env":"development","id":"gate-server-1","host":"192.168.1.102","port":3350,"clientPort":3014,"frontend":"true","serverType":"gate","pid":16839}}
[2015-06-09 19:59:38.310] [DEBUG] pomelo - [36m[/home/wyw/Documents/Galaxy/game-server/node_modules/pomelo/lib/components/connector.js] [39m[connector-server-2] getSession session is created with session id: 1
[2015-06-09 19:59:38.506] [DEBUG] pomelo - [36m[/home/wyw/Documents/Galaxy/game-server/node_modules/pomelo/lib/components/connector.js] [39m[connector-server-2] handleMessage session id: 1, msg: {"id":2,"type":0,"compressRoute":1,"route":"connector.entryHandler.entry","body":{},"compressGzip":0}
[2015-06-09 19:59:38.508] [DEBUG] pomelo - [36m[/home/wyw/Documents/Galaxy/game-server/node_modules/pomelo/lib/components/connector.js] [39msession on [connector-server-2] bind with uid: 21
[2015-06-09 19:59:38.509] [DEBUG] pomelo - [36m[/home/wyw/Documents/Galaxy/game-server/node_modules/pomelo/lib/components/connector.js] [39m[connector-server-2] send message reqId: 2, route: connector.entryHandler.entry, msg: {"code":200,"playerId":21}, receivers: [1], opts: {"type":"response","userOptions":{},"isResponse":true}
[2015-06-09 20:00:08.342] [DEBUG] pomelo - [36m[/home/wyw/Documents/Galaxy/game-server/node_modules/pomelo/lib/common/service/sessionService.js] [39msession on [connector-server-2] is closed with session id: 1
[2015-06-09 20:03:59.940] [DEBUG] pomelo - [36m[/home/wyw/Documents/Galaxy/game-server/node_modules/pomelo/lib/components/connector.js] [39m[connector-server-2] getSession session is created with session id: 2
[2015-06-09 20:04:00.139] [DEBUG] pomelo - [36m[/home/wyw/Documents/Galaxy/game-server/node_modules/pomelo/lib/components/connector.js] [39m[connector-server-2] handleMessage session id: 2, msg: {"id":2,"type":0,"compressRoute":1,"route":"connector.entryHandler.entry","body":{},"compressGzip":0}
[2015-06-09 20:04:00.139] [DEBUG] pomelo - [36m[/home/wyw/Documents/Galaxy/game-server/node_modules/pomelo/lib/components/connector.js] [39msession on [connector-server-2] bind with uid: 22
[2015-06-09 20:04:00.140] [DEBUG] pomelo - [36m[/home/wyw/Documents/Galaxy/game-server/node_modules/pomelo/lib/components/connector.js] [39m[connector-server-2] send message reqId: 2, route: connector.entryHandler.entry, msg: {"code":200,"playerId":22}, receivers: [2], opts: {"type":"response","userOptions":{},"isResponse":true}
[2015-06-09 20:04:02.860] [DEBUG] pomelo - [36m[/home/wyw/Documents/Galaxy/game-server/node_modules/pomelo/lib/common/service/sessionService.js] [39msession on [connector-server-2] is closed with session id: 2
[2015-06-09 20:09:15.088] [DEBUG] pomelo - [36m[/home/wyw/Documents/Galaxy/game-server/node_modules/pomelo/lib/components/connector.js] [39m[connector-server-2] getSession session is created with session id: 3
[2015-06-09 20:09:15.287] [DEBUG] pomelo - [36m[/home/wyw/Documents/Galaxy/game-server/node_modules/pomelo/lib/components/connector.js] [39m[connector-server-2] handleMessage session id: 3, msg: {"id":2,"type":0,"compressRoute":1,"route":"connector.entryHandler.entry","body":{},"compressGzip":0}
[2015-06-09 20:09:15.287] [DEBUG] pomelo - [36m[/home/wyw/Documents/Galaxy/game-server/node_modules/pomelo/lib/components/connector.js] [39msession on [connector-server-2] bind with uid: 23
[2015-06-09 20:09:15.287] [DEBUG] pomelo - [36m[/home/wyw/Documents/Galaxy/game-server/node_modules/pomelo/lib/components/connector.js] [39m[connector-server-2] send message reqId: 2, route: connector.entryHandler.entry, msg: {"code":200,"playerId":23}, receivers: [3], opts: {"type":"response","userOptions":{},"isResponse":true}
[2015-06-09 20:11:41.532] [DEBUG] pomelo - [36m[/home/wyw/Documents/Galaxy/game-server/node_modules/pomelo/lib/common/service/sessionService.js] [39msession on [connector-server-2] is closed with session id: 3
[2015-06-09 20:13:47.360] [DEBUG] pomelo - [36m[/home/wyw/Documents/Galaxy/game-server/node_modules/pomelo/lib/components/connector.js] [39m[connector-server-2] getSession session is created with session id: 4
[2015-06-09 20:13:47.557] [DEBUG] pomelo - [36m[/home/wyw/Documents/Galaxy/game-server/node_modules/pomelo/lib/components/connector.js] [39m[connector-server-2] handleMessage session id: 4, msg: {"id":2,"type":0,"compressRoute":1,"route":"connector.entryHandler.entry","body":{},"compressGzip":0}
[2015-06-09 20:13:47.562] [DEBUG] pomelo - [36m[/home/wyw/Documents/Galaxy/game-server/node_modules/pomelo/lib/components/connector.js] [39msession on [connector-server-2] bind with uid: 24
[2015-06-09 20:13:47.563] [DEBUG] pomelo - [36m[/home/wyw/Documents/Galaxy/game-server/node_modules/pomelo/lib/components/connector.js] [39m[connector-server-2] send message reqId: 2, route: connector.entryHandler.entry, msg: {"code":200,"playerId":24}, receivers: [4], opts: {"type":"response","userOptions":{},"isResponse":true}
[2015-06-09 20:15:03.633] [DEBUG] pomelo - [36m[/home/wyw/Documents/Galaxy/game-server/node_modules/pomelo/lib/common/service/sessionService.js] [39msession on [connector-server-2] is closed with session id: 4
[2015-06-09 20:15:47.702] [DEBUG] pomelo - [36m[/home/wyw/Documents/Galaxy/game-server/node_modules/pomelo/lib/components/connector.js] [39m[connector-server-2] getSession session is created with session id: 5
[2015-06-09 20:15:47.902] [DEBUG] pomelo - [36m[/home/wyw/Documents/Galaxy/game-server/node_modules/pomelo/lib/components/connector.js] [39m[connector-server-2] handleMessage session id: 5, msg: {"id":2,"type":0,"compressRoute":1,"route":"connector.entryHandler.entry","body":{},"compressGzip":0}
[2015-06-09 20:15:47.902] [DEBUG] pomelo - [36m[/home/wyw/Documents/Galaxy/game-server/node_modules/pomelo/lib/components/connector.js] [39msession on [connector-server-2] bind with uid: 25
[2015-06-09 20:15:47.902] [DEBUG] pomelo - [36m[/home/wyw/Documents/Galaxy/game-server/node_modules/pomelo/lib/components/connector.js] [39m[connector-server-2] send message reqId: 2, route: connector.entryHandler.entry, msg: {"code":200,"playerId":25}, receivers: [5], opts: {"type":"response","userOptions":{},"isResponse":true}
[2015-06-09 20:16:43.253] [DEBUG] pomelo - [36m[/home/wyw/Documents/Galaxy/game-server/node_modules/pomelo/lib/common/service/sessionService.js] [39msession on [connector-server-2] is closed with session id: 5
[2015-06-09 20:17:03.869] [DEBUG] pomelo - [36m[/home/wyw/Documents/Galaxy/game-server/node_modules/pomelo/lib/components/connector.js] [39m[connector-server-2] getSession session is created with session id: 6
[2015-06-09 20:17:04.068] [DEBUG] pomelo - [36m[/home/wyw/Documents/Galaxy/game-server/node_modules/pomelo/lib/components/connector.js] [39m[connector-server-2] handleMessage session id: 6, msg: {"id":2,"type":0,"compressRoute":1,"route":"connector.entryHandler.entry","body":{},"compressGzip":0}
[2015-06-09 20:17:04.068] [DEBUG] pomelo - [36m[/home/wyw/Documents/Galaxy/game-server/node_modules/pomelo/lib/components/connector.js] [39msession on [connector-server-2] bind with uid: 26
[2015-06-09 20:17:04.069] [DEBUG] pomelo - [36m[/home/wyw/Documents/Galaxy/game-server/node_modules/pomelo/lib/components/connector.js] [39m[connector-server-2] send message reqId: 2, route: connector.entryHandler.entry, msg: {"code":200,"playerId":26}, receivers: [6], opts: {"type":"response","userOptions":{},"isResponse":true}
[2015-06-09 20:17:09.035] [DEBUG] pomelo - [36m[/home/wyw/Documents/Galaxy/game-server/node_modules/pomelo/lib/common/service/sessionService.js] [39msession on [connector-server-2] is closed with session id: 6
[2015-06-09 20:29:54.299] [INFO] pomelo - [32m[/home/wyw/Documents/Galaxy/game-server/node_modules/pomelo/lib/application.js] [39mapplication inited: "connector-server-2"
[2015-06-09 20:29:54.970] [INFO] pomelo - [32m[/home/wyw/Documents/Galaxy/game-server/node_modules/pomelo/lib/application.js] [39m"connector-server-2" enter after start...
[2015-06-09 20:29:54.974] [INFO] pomelo - [32m[/home/wyw/Documents/Galaxy/game-server/node_modules/pomelo/lib/application.js] [39m"connector-server-2" finish start
[2015-06-09 20:29:54.975] [INFO] pomelo - [32m[/home/wyw/Documents/Galaxy/game-server/node_modules/pomelo/lib/application.js] [39m"connector-server-2" startup in 590 ms
[2015-06-09 20:29:54.976] [DEBUG] pomelo - [36m[/home/wyw/Documents/Galaxy/game-server/node_modules/pomelo/lib/modules/monitorwatcher.js] [39m[connector-server-2] receive addServer signal: {"action":"addServer","server":{"main":"/home/wyw/Documents/Galaxy/game-server/app.js","env":"development","id":"gate-server-1","host":"192.168.1.102","port":3350,"clientPort":3014,"frontend":"true","serverType":"gate","pid":17095}}
[2015-06-09 20:32:00.235] [DEBUG] pomelo - [36m[/home/wyw/Documents/Galaxy/game-server/node_modules/pomelo/lib/components/connector.js] [39m[connector-server-2] getSession session is created with session id: 1
[2015-06-09 20:32:00.431] [DEBUG] pomelo - [36m[/home/wyw/Documents/Galaxy/game-server/node_modules/pomelo/lib/components/connector.js] [39m[connector-server-2] handleMessage session id: 1, msg: {"id":2,"type":0,"compressRoute":1,"route":"connector.entryHandler.entry","body":{},"compressGzip":0}
[2015-06-09 20:32:00.434] [DEBUG] pomelo - [36m[/home/wyw/Documents/Galaxy/game-server/node_modules/pomelo/lib/components/connector.js] [39msession on [connector-server-2] bind with uid: 21
[2015-06-09 20:32:00.435] [DEBUG] pomelo - [36m[/home/wyw/Documents/Galaxy/game-server/node_modules/pomelo/lib/components/connector.js] [39m[connector-server-2] send message reqId: 2, route: connector.entryHandler.entry, msg: {"code":200,"playerId":21}, receivers: [1], opts: {"type":"response","userOptions":{},"isResponse":true}
[2015-06-09 20:32:06.004] [DEBUG] pomelo - [36m[/home/wyw/Documents/Galaxy/game-server/node_modules/pomelo/lib/common/service/sessionService.js] [39msession on [connector-server-2] is closed with session id: 1
[2015-06-09 20:33:30.716] [DEBUG] pomelo - [36m[/home/wyw/Documents/Galaxy/game-server/node_modules/pomelo/lib/components/connector.js] [39m[connector-server-2] getSession session is created with session id: 2
[2015-06-09 20:33:30.915] [DEBUG] pomelo - [36m[/home/wyw/Documents/Galaxy/game-server/node_modules/pomelo/lib/components/connector.js] [39m[connector-server-2] handleMessage session id: 2, msg: {"id":2,"type":0,"compressRoute":1,"route":"connector.entryHandler.entry","body":{},"compressGzip":0}
[2015-06-09 20:33:30.915] [DEBUG] pomelo - [36m[/home/wyw/Documents/Galaxy/game-server/node_modules/pomelo/lib/components/connector.js] [39msession on [connector-server-2] bind with uid: 22
[2015-06-09 20:33:30.916] [DEBUG] pomelo - [36m[/home/wyw/Documents/Galaxy/game-server/node_modules/pomelo/lib/components/connector.js] [39m[connector-server-2] send message reqId: 2, route: connector.entryHandler.entry, msg: {"code":200,"playerId":22}, receivers: [2], opts: {"type":"response","userOptions":{},"isResponse":true}
[2015-06-09 20:34:03.370] [DEBUG] pomelo - [36m[/home/wyw/Documents/Galaxy/game-server/node_modules/pomelo/lib/common/service/sessionService.js] [39msession on [connector-server-2] is closed with session id: 2
[2015-06-09 20:37:13.697] [DEBUG] pomelo - [36m[/home/wyw/Documents/Galaxy/game-server/node_modules/pomelo/lib/components/connector.js] [39m[connector-server-2] getSession session is created with session id: 3
[2015-06-09 20:37:13.896] [DEBUG] pomelo - [36m[/home/wyw/Documents/Galaxy/game-server/node_modules/pomelo/lib/components/connector.js] [39m[connector-server-2] handleMessage session id: 3, msg: {"id":2,"type":0,"compressRoute":1,"route":"connector.entryHandler.entry","body":{},"compressGzip":0}
[2015-06-09 20:37:13.896] [DEBUG] pomelo - [36m[/home/wyw/Documents/Galaxy/game-server/node_modules/pomelo/lib/components/connector.js] [39msession on [connector-server-2] bind with uid: 23
[2015-06-09 20:37:13.898] [DEBUG] pomelo - [36m[/home/wyw/Documents/Galaxy/game-server/node_modules/pomelo/lib/components/connector.js] [39m[connector-server-2] send message reqId: 2, route: connector.entryHandler.entry, msg: {"code":200,"playerId":23}, receivers: [3], opts: {"type":"response","userOptions":{},"isResponse":true}
[2015-06-09 20:37:13.998] [DEBUG] pomelo - [36m[/home/wyw/Documents/Galaxy/game-server/node_modules/pomelo/lib/components/connector.js] [39m[connector-server-2] handleMessage session id: 3, msg: {"id":3,"type":0,"compressRoute":1,"route":"gameHall.playerHandler.addToGame","body":{},"compressGzip":0}
[2015-06-09 20:37:44.011] [ERROR] pomelo - [31m[/home/wyw/Documents/Galaxy/game-server/node_modules/pomelo/lib/server/server.js] [39mfail to process remote message:Error: rpc failed with error code: 5
    at failfast (/home/wyw/Documents/Galaxy/game-server/node_modules/pomelo/node_modules/pomelo-rpc/lib/rpc-client/failureProcess.js:151:27)
    at module.exports (/home/wyw/Documents/Galaxy/game-server/node_modules/pomelo/node_modules/pomelo-rpc/lib/rpc-client/failureProcess.js:24:10)
    at EventEmitter.emit (events.js:106:17)
    at /home/wyw/Documents/Galaxy/game-server/node_modules/pomelo/node_modules/pomelo-rpc/lib/rpc-client/mailstation.js:252:14
    at Object.exp.invokeCallback (/home/wyw/Documents/Galaxy/game-server/node_modules/pomelo/node_modules/pomelo-rpc/lib/util/utils.js:5:8)
    at null.<anonymous> (/home/wyw/Documents/Galaxy/game-server/node_modules/pomelo/node_modules/pomelo-rpc/lib/rpc-client/mailboxes/ws-mailbox.js:178:11)
    at Timer.listOnTimeout [as ontimeout] (timers.js:110:15)
[2015-06-09 20:37:44.011] [DEBUG] pomelo - [36m[/home/wyw/Documents/Galaxy/game-server/node_modules/pomelo/lib/components/connector.js] [39m[connector-server-2] send message reqId: 3, route: gameHall.playerHandler.addToGame, msg: {"code":500}, receivers: [3], opts: {"type":"response","userOptions":{},"isResponse":true}
[2015-06-09 20:42:30.721] [INFO] pomelo - [32m[/home/wyw/Documents/Galaxy/game-server/node_modules/pomelo/lib/application.js] [39mapplication inited: "connector-server-2"
[2015-06-09 20:42:31.401] [INFO] pomelo - [32m[/home/wyw/Documents/Galaxy/game-server/node_modules/pomelo/lib/application.js] [39m"connector-server-2" enter after start...
[2015-06-09 20:42:31.404] [INFO] pomelo - [32m[/home/wyw/Documents/Galaxy/game-server/node_modules/pomelo/lib/application.js] [39m"connector-server-2" finish start
[2015-06-09 20:42:31.404] [INFO] pomelo - [32m[/home/wyw/Documents/Galaxy/game-server/node_modules/pomelo/lib/application.js] [39m"connector-server-2" startup in 597 ms
[2015-06-09 20:43:32.489] [DEBUG] pomelo - [36m[/home/wyw/Documents/Galaxy/game-server/node_modules/pomelo/lib/components/connector.js] [39m[connector-server-2] getSession session is created with session id: 1
[2015-06-09 20:43:32.684] [DEBUG] pomelo - [36m[/home/wyw/Documents/Galaxy/game-server/node_modules/pomelo/lib/components/connector.js] [39m[connector-server-2] handleMessage session id: 1, msg: {"id":2,"type":0,"compressRoute":1,"route":"connector.entryHandler.entry","body":{},"compressGzip":0}
[2015-06-09 20:43:32.686] [DEBUG] pomelo - [36m[/home/wyw/Documents/Galaxy/game-server/node_modules/pomelo/lib/components/connector.js] [39msession on [connector-server-2] bind with uid: 21
[2015-06-09 20:43:32.689] [DEBUG] pomelo - [36m[/home/wyw/Documents/Galaxy/game-server/node_modules/pomelo/lib/components/connector.js] [39m[connector-server-2] send message reqId: 2, route: connector.entryHandler.entry, msg: {"code":200,"playerId":21}, receivers: [1], opts: {"type":"response","userOptions":{},"isResponse":true}
[2015-06-09 20:43:32.785] [DEBUG] pomelo - [36m[/home/wyw/Documents/Galaxy/game-server/node_modules/pomelo/lib/components/connector.js] [39m[connector-server-2] handleMessage session id: 1, msg: {"id":3,"type":0,"compressRoute":1,"route":"gameHall.playerHandler.addToGame","body":{},"compressGzip":0}
[2015-06-09 20:43:32.819] [DEBUG] pomelo - [36m[/home/wyw/Documents/Galaxy/game-server/node_modules/pomelo/lib/components/connector.js] [39m[connector-server-2] send message reqId: 3, route: gameHall.playerHandler.addToGame, msg: [{"entityId":0,"position":{"x":312.9291111603379,"y":360.13651117682457},"speed":{"x":2.3174346999730915,"y":2.24850636231713},"property":0,"radius":0.14891954697668552},{"entityId":1,"position":{"x":360.97992258146405,"y":1.5537063591182232},"speed":{"x":1.7549425000324845,"y":2.8040530860889703},"property":0,"radius":0.9317194467876107},{"entityId":2,"position":{"x":142.27146552875638,"y":27.765227109193802},"speed":{"x":1.8972327564843,"y":0.49447341193445027},"property":0,"radius":0.2648622824344784},{"entityId":3,"position":{"x":285.7052281498909,"y":53.34979323670268},"speed":{"x":0.35885849059559405,"y":1.793890004279092},"property":0,"radius":0.9431010743137449},{"entityId":4,"position":{"x":394.22058584168553,"y":252.11600018665195},"speed":{"x":2.409432668471709,"y":2.7030175665859133},"property":0,"radius":0.9071807255968451},{"entityId":5,"position":{"x":92.29983417317271,"y":372.0671054907143},"speed":{"x":0.6218709878157824,"y":0.9439309467561543},"property":0,"radius":0.8768344984855503},{"entityId":6,"position":{"x":45.59118337929249,"y":5.230995453894138},"speed":{"x":2.1151363227982074,"y":2.169825228396803},"property":0,"radius":0.9471767409704626},{"entityId":7,"position":{"x":9.640627168118954,"y":387.744817789644},"speed":{"x":1.4167223260737956,"y":2.9736022003926337},"property":0,"radius":0.5244378859642893},{"entityId":8,"position":{"x":129.93973586708307,"y":32.08724148571491},"speed":{"x":2.256896978477016,"y":1.0740038396324962},"property":0,"radius":0.2370581787545234},{"entityId":9,"position":{"x":139.8258363828063,"y":361.53435660526156},"speed":{"x":0.46203189762309194,"y":0.49936631019227207},"property":0,"radius":0.2444242718629539}], receivers: [1], opts: {"type":"response","userOptions":{},"isResponse":true}
[2015-06-09 20:44:31.664] [INFO] pomelo - [32m[/home/wyw/Documents/Galaxy/game-server/node_modules/pomelo/lib/application.js] [39mapplication inited: "connector-server-2"
[2015-06-09 20:44:32.344] [INFO] pomelo - [32m[/home/wyw/Documents/Galaxy/game-server/node_modules/pomelo/lib/application.js] [39m"connector-server-2" enter after start...
[2015-06-09 20:44:32.347] [INFO] pomelo - [32m[/home/wyw/Documents/Galaxy/game-server/node_modules/pomelo/lib/application.js] [39m"connector-server-2" finish start
[2015-06-09 20:44:32.348] [INFO] pomelo - [32m[/home/wyw/Documents/Galaxy/game-server/node_modules/pomelo/lib/application.js] [39m"connector-server-2" startup in 593 ms
[2015-06-09 20:46:35.301] [DEBUG] pomelo - [36m[/home/wyw/Documents/Galaxy/game-server/node_modules/pomelo/lib/components/connector.js] [39m[connector-server-2] getSession session is created with session id: 1
[2015-06-09 20:46:35.496] [DEBUG] pomelo - [36m[/home/wyw/Documents/Galaxy/game-server/node_modules/pomelo/lib/components/connector.js] [39m[connector-server-2] handleMessage session id: 1, msg: {"id":2,"type":0,"compressRoute":1,"route":"connector.entryHandler.entry","body":{},"compressGzip":0}
[2015-06-09 20:46:35.498] [DEBUG] pomelo - [36m[/home/wyw/Documents/Galaxy/game-server/node_modules/pomelo/lib/components/connector.js] [39msession on [connector-server-2] bind with uid: 21
[2015-06-09 20:46:35.500] [DEBUG] pomelo - [36m[/home/wyw/Documents/Galaxy/game-server/node_modules/pomelo/lib/components/connector.js] [39m[connector-server-2] send message reqId: 2, route: connector.entryHandler.entry, msg: {"code":200,"playerId":21}, receivers: [1], opts: {"type":"response","userOptions":{},"isResponse":true}
[2015-06-09 20:46:35.594] [DEBUG] pomelo - [36m[/home/wyw/Documents/Galaxy/game-server/node_modules/pomelo/lib/components/connector.js] [39m[connector-server-2] handleMessage session id: 1, msg: {"id":3,"type":0,"compressRoute":1,"route":"gameHall.playerHandler.addToGame","body":{},"compressGzip":0}
[2015-06-09 20:46:35.625] [DEBUG] pomelo - [36m[/home/wyw/Documents/Galaxy/game-server/node_modules/pomelo/lib/components/connector.js] [39m[connector-server-2] send message reqId: 3, route: gameHall.playerHandler.addToGame, msg: [{"entityId":0,"position":{"x":884.0796661097556,"y":517.1603251248598},"speed":{"x":2.9388741315342486,"y":1.3010489700827748},"property":0,"radius":0.5696952906437218},{"entityId":1,"position":{"x":91.21141280047596,"y":495.47619353979826},"speed":{"x":2.820175729226321,"y":0.4711187342181802},"property":0,"radius":0.7322323878761381},{"entityId":2,"position":{"x":766.970248427242,"y":224.31887481361628},"speed":{"x":1.0564905207138509,"y":0.5295988947618753},"property":0,"radius":0.5325075834989548},{"entityId":3,"position":{"x":13.752629049122334,"y":704.6635182574391},"speed":{"x":1.709671190707013,"y":0.2215628307312727},"property":0,"radius":0.24813737184740603},{"entityId":4,"position":{"x":417.6461927127093,"y":536.3263616338372},"speed":{"x":0.554380662040785,"y":2.9311050313990563},"property":0,"radius":0.04429299826733768},{"entityId":5,"position":{"x":791.9209704268724,"y":195.53416948765516},"speed":{"x":0.00922940787859261,"y":1.0349348592571914},"property":0,"radius":0.4702494232915342},{"entityId":6,"position":{"x":872.9357272386551,"y":734.2815348878503},"speed":{"x":2.035316061694175,"y":0.3749963559675962},"property":0,"radius":0.8262724466621876},{"entityId":7,"position":{"x":690.3062115889043,"y":75.32335966825485},"speed":{"x":1.6793124668765813,"y":2.701445513404906},"property":0,"radius":0.08044800022616982},{"entityId":8,"position":{"x":792.1922220848501,"y":609.0353701263666},"speed":{"x":2.351440407335758,"y":2.9118712863419205},"property":0,"radius":0.38410125742666423},{"entityId":9,"position":{"x":156.4698303118348,"y":97.07131814211607},"speed":{"x":0.8251235573552549,"y":2.6602072650566697},"property":0,"radius":0.9201790508814156}], receivers: [1], opts: {"type":"response","userOptions":{},"isResponse":true}
[2015-06-09 20:47:37.308] [DEBUG] pomelo - [36m[/home/wyw/Documents/Galaxy/game-server/node_modules/pomelo/lib/common/service/sessionService.js] [39msession on [connector-server-2] is closed with session id: 1
[2015-06-09 20:48:23.417] [DEBUG] pomelo - [36m[/home/wyw/Documents/Galaxy/game-server/node_modules/pomelo/lib/components/connector.js] [39m[connector-server-2] getSession session is created with session id: 2
[2015-06-09 20:48:23.611] [DEBUG] pomelo - [36m[/home/wyw/Documents/Galaxy/game-server/node_modules/pomelo/lib/components/connector.js] [39m[connector-server-2] handleMessage session id: 2, msg: {"id":2,"type":0,"compressRoute":1,"route":"connector.entryHandler.entry","body":{},"compressGzip":0}
[2015-06-09 20:48:23.613] [DEBUG] pomelo - [36m[/home/wyw/Documents/Galaxy/game-server/node_modules/pomelo/lib/components/connector.js] [39msession on [connector-server-2] bind with uid: 22
[2015-06-09 20:48:23.614] [DEBUG] pomelo - [36m[/home/wyw/Documents/Galaxy/game-server/node_modules/pomelo/lib/components/connector.js] [39m[connector-server-2] send message reqId: 2, route: connector.entryHandler.entry, msg: {"code":200,"playerId":22}, receivers: [2], opts: {"type":"response","userOptions":{},"isResponse":true}
[2015-06-09 20:48:23.712] [DEBUG] pomelo - [36m[/home/wyw/Documents/Galaxy/game-server/node_modules/pomelo/lib/components/connector.js] [39m[connector-server-2] handleMessage session id: 2, msg: {"id":3,"type":0,"compressRoute":1,"route":"gameHall.playerHandler.addToGame","body":{},"compressGzip":0}
[2015-06-09 20:48:23.715] [DEBUG] pomelo - [36m[/home/wyw/Documents/Galaxy/game-server/node_modules/pomelo/lib/components/connector.js] [39m[connector-server-2] send message reqId: 3, route: gameHall.playerHandler.addToGame, msg: [{"entityId":0,"position":{"x":268.3706625830382,"y":288.70412185788155},"speed":{"x":1.1448203246109188,"y":1.1961962005589157},"property":0,"radius":0.035756640369072556},{"entityId":1,"position":{"x":698.4172163065523,"y":166.42696037888527},"speed":{"x":1.4825042237062007,"y":0.09161350666545331},"property":0,"radius":0.5764163085259497},{"entityId":2,"position":{"x":382.51659204252064,"y":616.0111067816615},"speed":{"x":0.2613677771296352,"y":2.9234838522970676},"property":0,"radius":0.8019935127813369},{"entityId":3,"position":{"x":666.9578929431736,"y":166.44320860505104},"speed":{"x":0.7564679975621402,"y":2.4436763618141413},"property":0,"radius":0.9375840513966978},{"entityId":4,"position":{"x":42.00571868568659,"y":598.5552815720439},"speed":{"x":0.03598592919297516,"y":1.3740476702805609},"property":0,"radius":0.4421560678165406},{"entityId":5,"position":{"x":147.38924312405288,"y":468.6791928485036},"speed":{"x":0.23022394278086722,"y":0.06000879127532244},"property":0,"radius":0.7927483194507658},{"entityId":6,"position":{"x":224.44006544537842,"y":539.4521173089743},"speed":{"x":0.20238726446405053,"y":0.9318788575474173},"property":0,"radius":0.6465650999452919},{"entityId":7,"position":{"x":50.32845656387508,"y":91.23771879822016},"speed":{"x":2.6939033763483167,"y":2.2233508753124624},"property":0,"radius":0.4581533335149288},{"entityId":8,"position":{"x":806.3826791476458,"y":324.8347248882055},"speed":{"x":0.87774762022309,"y":1.0042069593910128},"property":0,"radius":0.4842486963607371},{"entityId":9,"position":{"x":318.31172620877624,"y":530.1148302853107},"speed":{"x":2.798386551439762,"y":2.601472372887656},"property":0,"radius":0.8605549477506429}], receivers: [2], opts: {"type":"response","userOptions":{},"isResponse":true}
[2015-06-09 20:48:30.663] [DEBUG] pomelo - [36m[/home/wyw/Documents/Galaxy/game-server/node_modules/pomelo/lib/common/service/sessionService.js] [39msession on [connector-server-2] is closed with session id: 2
[2015-06-09 20:49:26.279] [DEBUG] pomelo - [36m[/home/wyw/Documents/Galaxy/game-server/node_modules/pomelo/lib/components/connector.js] [39m[connector-server-2] getSession session is created with session id: 3
[2015-06-09 20:49:26.476] [DEBUG] pomelo - [36m[/home/wyw/Documents/Galaxy/game-server/node_modules/pomelo/lib/components/connector.js] [39m[connector-server-2] handleMessage session id: 3, msg: {"id":2,"type":0,"compressRoute":1,"route":"connector.entryHandler.entry","body":{},"compressGzip":0}
[2015-06-09 20:49:26.478] [DEBUG] pomelo - [36m[/home/wyw/Documents/Galaxy/game-server/node_modules/pomelo/lib/components/connector.js] [39msession on [connector-server-2] bind with uid: 23
[2015-06-09 20:49:26.480] [DEBUG] pomelo - [36m[/home/wyw/Documents/Galaxy/game-server/node_modules/pomelo/lib/components/connector.js] [39m[connector-server-2] send message reqId: 2, route: connector.entryHandler.entry, msg: {"code":200,"playerId":23}, receivers: [3], opts: {"type":"response","userOptions":{},"isResponse":true}
[2015-06-09 20:49:26.576] [DEBUG] pomelo - [36m[/home/wyw/Documents/Galaxy/game-server/node_modules/pomelo/lib/components/connector.js] [39m[connector-server-2] handleMessage session id: 3, msg: {"id":3,"type":0,"compressRoute":1,"route":"gameHall.playerHandler.addToGame","body":{},"compressGzip":0}
[2015-06-09 20:49:26.589] [DEBUG] pomelo - [36m[/home/wyw/Documents/Galaxy/game-server/node_modules/pomelo/lib/components/connector.js] [39m[connector-server-2] send message reqId: 3, route: gameHall.playerHandler.addToGame, msg: [{"entityId":0,"position":{"x":604.1181362234056,"y":354.44384701550007},"speed":{"x":0.8705906860996038,"y":0.3820534162223339},"property":0,"radius":0.5174587848596275},{"entityId":1,"position":{"x":452.38051749765873,"y":278.8556929677725},"speed":{"x":2.7300409201998264,"y":0.6503636052366346},"property":0,"radius":0.6677582475822419},{"entityId":2,"position":{"x":822.5636838469654,"y":69.93524506688118},"speed":{"x":1.2063177768141031,"y":2.3487976449541748},"property":0,"radius":0.9775496611837298},{"entityId":3,"position":{"x":272.84629619680345,"y":668.3208057656884},"speed":{"x":0.913975074654445,"y":1.2669526892714202},"property":0,"radius":0.7730173864401877},{"entityId":4,"position":{"x":305.3353594150394,"y":371.2452659383416},"speed":{"x":1.2783783150371164,"y":1.1520171153824776},"property":0,"radius":0.6105064044240862},{"entityId":5,"position":{"x":722.0737577881664,"y":491.9339455664158},"speed":{"x":2.653196409344673,"y":2.809967421228066},"property":0,"radius":0.6805735637899488},{"entityId":6,"position":{"x":817.0689432881773,"y":50.382593087852},"speed":{"x":2.8740177140571177,"y":0.5326331499963999},"property":0,"radius":0.1735300701111555},{"entityId":7,"position":{"x":555.5390988010913,"y":550.7405461743474},"speed":{"x":0.7060730718076229,"y":1.8950162921100855},"property":0,"radius":0.2002227285411209},{"entityId":8,"position":{"x":787.4411479569972,"y":474.0181274712086},"speed":{"x":0.09458369622007012,"y":2.1820839720312506},"property":0,"radius":0.1356793213635683},{"entityId":9,"position":{"x":877.185668097809,"y":214.31411188095808},"speed":{"x":1.614693176932633,"y":2.075968175427988},"property":0,"radius":0.8238349398598075}], receivers: [3], opts: {"type":"response","userOptions":{},"isResponse":true}
[2015-06-09 20:49:44.014] [DEBUG] pomelo - [36m[/home/wyw/Documents/Galaxy/game-server/node_modules/pomelo/lib/common/service/sessionService.js] [39msession on [connector-server-2] is closed with session id: 3
[2015-06-09 20:50:29.796] [DEBUG] pomelo - [36m[/home/wyw/Documents/Galaxy/game-server/node_modules/pomelo/lib/components/connector.js] [39m[connector-server-2] getSession session is created with session id: 4
[2015-06-09 20:50:29.995] [DEBUG] pomelo - [36m[/home/wyw/Documents/Galaxy/game-server/node_modules/pomelo/lib/components/connector.js] [39m[connector-server-2] handleMessage session id: 4, msg: {"id":2,"type":0,"compressRoute":1,"route":"connector.entryHandler.entry","body":{},"compressGzip":0}
[2015-06-09 20:50:29.995] [DEBUG] pomelo - [36m[/home/wyw/Documents/Galaxy/game-server/node_modules/pomelo/lib/components/connector.js] [39msession on [connector-server-2] bind with uid: 24
[2015-06-09 20:50:29.995] [DEBUG] pomelo - [36m[/home/wyw/Documents/Galaxy/game-server/node_modules/pomelo/lib/components/connector.js] [39m[connector-server-2] send message reqId: 2, route: connector.entryHandler.entry, msg: {"code":200,"playerId":24}, receivers: [4], opts: {"type":"response","userOptions":{},"isResponse":true}
[2015-06-09 20:50:30.098] [DEBUG] pomelo - [36m[/home/wyw/Documents/Galaxy/game-server/node_modules/pomelo/lib/components/connector.js] [39m[connector-server-2] handleMessage session id: 4, msg: {"id":3,"type":0,"compressRoute":1,"route":"gameHall.playerHandler.addToGame","body":{},"compressGzip":0}
[2015-06-09 20:50:30.102] [DEBUG] pomelo - [36m[/home/wyw/Documents/Galaxy/game-server/node_modules/pomelo/lib/components/connector.js] [39m[connector-server-2] send message reqId: 3, route: gameHall.playerHandler.addToGame, msg: [{"entityId":0,"position":{"x":251.24634732492268,"y":704.5330032706261},"speed":{"x":1.7793078843969852,"y":0.6313552691135556},"property":0,"radius":0.49486285797320306},{"entityId":1,"position":{"x":717.7094977814704,"y":615.4742900282145},"speed":{"x":1.4099571914412081,"y":2.2899453376885504},"property":0,"radius":0.777542034862563},{"entityId":2,"position":{"x":235.20596930757165,"y":192.7389845252037},"speed":{"x":1.736819818848744,"y":2.5960517290513963},"property":0,"radius":0.9544625338166952},{"entityId":3,"position":{"x":783.8326992932707,"y":167.58812088519335},"speed":{"x":2.7372752220835537,"y":1.532982547301799},"property":0,"radius":0.380240673199296},{"entityId":4,"position":{"x":485.8443906996399,"y":39.89082928746939},"speed":{"x":1.6951296280603856,"y":1.50179898343049},"property":0,"radius":0.33462288859300315},{"entityId":5,"position":{"x":217.85579225979745,"y":354.5939773321152},"speed":{"x":1.375999626237899,"y":2.0738461178261787},"property":0,"radius":0.34841621248051524},{"entityId":6,"position":{"x":118.66735178045928,"y":706.3292592763901},"speed":{"x":0.9301785926800221,"y":1.7447222582995892},"property":0,"radius":0.33024296374060214},{"entityId":7,"position":{"x":939.1576568596065,"y":202.5341410189867},"speed":{"x":1.0531330397352576,"y":0.9082487113773823},"property":0,"radius":0.36463896301575005},{"entityId":8,"position":{"x":772.7421214804053,"y":49.0456173196435},"speed":{"x":0.8249870790168643,"y":1.5644614649936557},"property":0,"radius":0.615072165383026},{"entityId":9,"position":{"x":616.6742329951376,"y":400.85707902908325},"speed":{"x":2.141292001353577,"y":1.0398100919555873},"property":0,"radius":0.7357791909016669}], receivers: [4], opts: {"type":"response","userOptions":{},"isResponse":true}
[2015-06-09 20:51:43.462] [DEBUG] pomelo - [36m[/home/wyw/Documents/Galaxy/game-server/node_modules/pomelo/lib/components/connector.js] [39m[connector-server-2] getSession session is created with session id: 5
[2015-06-09 20:51:43.660] [DEBUG] pomelo - [36m[/home/wyw/Documents/Galaxy/game-server/node_modules/pomelo/lib/components/connector.js] [39m[connector-server-2] handleMessage session id: 5, msg: {"id":2,"type":0,"compressRoute":1,"route":"connector.entryHandler.entry","body":{},"compressGzip":0}
[2015-06-09 20:51:43.660] [DEBUG] pomelo - [36m[/home/wyw/Documents/Galaxy/game-server/node_modules/pomelo/lib/components/connector.js] [39msession on [connector-server-2] bind with uid: 25
[2015-06-09 20:51:43.661] [DEBUG] pomelo - [36m[/home/wyw/Documents/Galaxy/game-server/node_modules/pomelo/lib/components/connector.js] [39m[connector-server-2] send message reqId: 2, route: connector.entryHandler.entry, msg: {"code":200,"playerId":25}, receivers: [5], opts: {"type":"response","userOptions":{},"isResponse":true}
[2015-06-09 20:51:43.760] [DEBUG] pomelo - [36m[/home/wyw/Documents/Galaxy/game-server/node_modules/pomelo/lib/components/connector.js] [39m[connector-server-2] handleMessage session id: 5, msg: {"id":3,"type":0,"compressRoute":1,"route":"gameHall.playerHandler.addToGame","body":{},"compressGzip":0}
[2015-06-09 20:51:43.763] [DEBUG] pomelo - [36m[/home/wyw/Documents/Galaxy/game-server/node_modules/pomelo/lib/components/connector.js] [39m[connector-server-2] send message reqId: 3, route: gameHall.playerHandler.addToGame, msg: [{"entityId":0,"position":{"x":23.25007738545537,"y":528.1595718115568},"speed":{"x":2.4615166804287583,"y":1.5414920565672219},"property":0,"radius":0.14614533446729183},{"entityId":1,"position":{"x":951.3634671457112,"y":264.51771818101406},"speed":{"x":1.992974142311141,"y":1.8205891863908619},"property":0,"radius":0.16135726566426456},{"entityId":2,"position":{"x":685.871651628986,"y":39.8679543286562},"speed":{"x":2.7714442061260343,"y":0.1525623605120927},"property":0,"radius":0.25308791687712073},{"entityId":3,"position":{"x":778.9441403001547,"y":576.4671914279461},"speed":{"x":2.057135053910315,"y":2.7887631109915674},"property":0,"radius":0.972050754353404},{"entityId":4,"position":{"x":425.1087075099349,"y":694.8531171306968},"speed":{"x":1.321460684062913,"y":2.682549793738872},"property":0,"radius":0.03235901519656181},{"entityId":5,"position":{"x":728.5567442886531,"y":651.5677504241467},"speed":{"x":1.610585262766108,"y":0.9237262322567403},"property":0,"radius":0.3800761392340064},{"entityId":6,"position":{"x":13.592820381745696,"y":318.90303175896406},"speed":{"x":1.198885090649128,"y":1.0551159263122827},"property":0,"radius":0.6359469559974968},{"entityId":7,"position":{"x":651.8212265800685,"y":45.14253344386816},"speed":{"x":2.144239635206759,"y":0.6203467149753124},"property":0,"radius":0.8442915577907115},{"entityId":8,"position":{"x":73.81526660174131,"y":632.8801883384585},"speed":{"x":1.6341875111684203,"y":0.8048924601171166},"property":0,"radius":0.043480806052684784},{"entityId":9,"position":{"x":607.5238396879286,"y":93.62498614937067},"speed":{"x":1.6178163418080658,"y":1.6207685703411698},"property":0,"radius":0.060347332851961255}], receivers: [5], opts: {"type":"response","userOptions":{},"isResponse":true}
[2015-06-09 20:52:00.796] [DEBUG] pomelo - [36m[/home/wyw/Documents/Galaxy/game-server/node_modules/pomelo/lib/common/service/sessionService.js] [39msession on [connector-server-2] is closed with session id: 5
