[2015-06-15 20:46:54.302] [INFO] pomelo - [32m[/home/wyw/Documents/Galaxy/game-server/node_modules/pomelo/lib/application.js] [39mapplication inited: "connector-server-1"
[2015-06-15 20:46:55.060] [INFO] pomelo - [32m[/home/wyw/Documents/Galaxy/game-server/node_modules/pomelo/lib/application.js] [39m"connector-server-1" enter after start...
[2015-06-15 20:46:55.064] [INFO] pomelo - [32m[/home/wyw/Documents/Galaxy/game-server/node_modules/pomelo/lib/application.js] [39m"connector-server-1" finish start
[2015-06-15 20:46:55.064] [INFO] pomelo - [32m[/home/wyw/Documents/Galaxy/game-server/node_modules/pomelo/lib/application.js] [39m"connector-server-1" startup in 661 ms
[2015-06-15 20:46:55.065] [DEBUG] pomelo - [36m[/home/wyw/Documents/Galaxy/game-server/node_modules/pomelo/lib/modules/monitorwatcher.js] [39m[connector-server-1] receive addServer signal: {"action":"addServer","server":{"main":"/home/wyw/Documents/Galaxy/game-server/app.js","env":"development","id":"gate-server-1","host":"192.168.184.135","port":3350,"clientPort":3014,"frontend":"true","serverType":"gate","pid":44765}}
[2015-06-15 20:48:13.146] [DEBUG] pomelo - [36m[/home/wyw/Documents/Galaxy/game-server/node_modules/pomelo/lib/components/connector.js] [39m[connector-server-1] getSession session is created with session id: 1
[2015-06-15 20:48:13.394] [DEBUG] pomelo - [36m[/home/wyw/Documents/Galaxy/game-server/node_modules/pomelo/lib/components/connector.js] [39m[connector-server-1] handleMessage session id: 1, msg: {"id":2,"type":0,"compressRoute":1,"route":"connector.entryHandler.entry","body":{},"compressGzip":0}
[2015-06-15 20:48:13.396] [DEBUG] pomelo - [36m[/home/wyw/Documents/Galaxy/game-server/node_modules/pomelo/lib/components/connector.js] [39msession on [connector-server-1] bind with uid: 11
[2015-06-15 20:48:13.397] [DEBUG] pomelo - [36m[/home/wyw/Documents/Galaxy/game-server/node_modules/pomelo/lib/components/connector.js] [39m[connector-server-1] send message reqId: 2, route: connector.entryHandler.entry, msg: {"code":200,"playerId":11}, receivers: [1], opts: {"type":"response","userOptions":{},"isResponse":true}
[2015-06-15 20:48:13.493] [DEBUG] pomelo - [36m[/home/wyw/Documents/Galaxy/game-server/node_modules/pomelo/lib/components/connector.js] [39m[connector-server-1] handleMessage session id: 1, msg: {"id":3,"type":0,"compressRoute":1,"route":"gameHall.playerHandler.addToGame","body":{},"compressGzip":0}
[2015-06-15 20:48:13.512] [DEBUG] pomelo - [36m[/home/wyw/Documents/Galaxy/game-server/node_modules/pomelo/lib/components/connector.js] [39m[connector-server-1] send message reqId: 3, route: gameHall.playerHandler.addToGame, msg: {"playerList":{"11":2,"21":0},"asterList":{"0":{"position":{"x":542.1289192716906,"y":579.2521960531359},"velocity":{"x":2.0588446646595138,"y":2.0588446646595138},"radius":49.99999999999994,"property":0,"asterId":0},"2":{"position":{"x":178.53510868735611,"y":557.8515386208892},"velocity":{"x":0,"y":0},"radius":50,"property":0,"asterId":2}}}, receivers: [1], opts: {"type":"response","userOptions":{},"isResponse":true}
[2015-06-15 20:48:19.867] [DEBUG] pomelo - [36m[/home/wyw/Documents/Galaxy/game-server/node_modules/pomelo/lib/common/service/sessionService.js] [39msession on [connector-server-1] is closed with session id: 1
[2015-06-15 21:22:15.756] [INFO] pomelo - [32m[E:\Codes\Git\GalaxyServer\game-server\node_modules\pomelo\lib\application.js] [39mapplication inited: "connector-server-1"
[2015-06-15 21:22:17.120] [INFO] pomelo - [32m[E:\Codes\Git\GalaxyServer\game-server\node_modules\pomelo\lib\application.js] [39m"connector-server-1" enter after start...
[2015-06-15 21:22:17.123] [INFO] pomelo - [32m[E:\Codes\Git\GalaxyServer\game-server\node_modules\pomelo\lib\application.js] [39m"connector-server-1" finish start
[2015-06-15 21:22:17.123] [INFO] pomelo - [32m[E:\Codes\Git\GalaxyServer\game-server\node_modules\pomelo\lib\application.js] [39m"connector-server-1" startup in 1193 ms
[2015-06-15 21:23:28.509] [INFO] pomelo - [32m[E:\Codes\Git\GalaxyServer\game-server\node_modules\pomelo\lib\application.js] [39mapplication inited: "connector-server-1"
[2015-06-15 21:23:29.819] [INFO] pomelo - [32m[E:\Codes\Git\GalaxyServer\game-server\node_modules\pomelo\lib\application.js] [39m"connector-server-1" enter after start...
[2015-06-15 21:23:29.824] [INFO] pomelo - [32m[E:\Codes\Git\GalaxyServer\game-server\node_modules\pomelo\lib\application.js] [39m"connector-server-1" finish start
[2015-06-15 21:23:29.824] [INFO] pomelo - [32m[E:\Codes\Git\GalaxyServer\game-server\node_modules\pomelo\lib\application.js] [39m"connector-server-1" startup in 1146 ms
[2015-06-15 21:23:29.825] [DEBUG] pomelo - [36m[E:\Codes\Git\GalaxyServer\game-server\node_modules\pomelo\lib\modules\monitorwatcher.js] [39m[connector-server-1] receive addServer signal: {"action":"addServer","server":{"main":"E:\\Codes\\Git\\GalaxyServer\\game-server\\app.js","env":"development","id":"connector-server-2","host":"192.168.1.2","port":3151,"clientPort":3011,"frontend":"true","serverType":"connector","pid":196}}
[2015-06-15 21:23:29.829] [DEBUG] pomelo - [36m[E:\Codes\Git\GalaxyServer\game-server\node_modules\pomelo\lib\modules\monitorwatcher.js] [39m[connector-server-1] receive addServer signal: {"action":"addServer","server":{"main":"E:\\Codes\\Git\\GalaxyServer\\game-server\\app.js","env":"development","id":"gate-server-1","host":"192.168.1.2","port":3350,"clientPort":3014,"frontend":"true","serverType":"gate","pid":6160}}
[2015-06-15 21:23:48.533] [DEBUG] pomelo - [36m[E:\Codes\Git\GalaxyServer\game-server\node_modules\pomelo\lib\components\connector.js] [39m[connector-server-1] getSession session is created with session id: 1
[2015-06-15 21:23:48.742] [DEBUG] pomelo - [36m[E:\Codes\Git\GalaxyServer\game-server\node_modules\pomelo\lib\components\connector.js] [39m[connector-server-1] handleMessage session id: 1, msg: {"id":2,"type":0,"compressRoute":1,"route":"connector.entryHandler.entry","body":{},"compressGzip":0}
[2015-06-15 21:23:48.756] [DEBUG] pomelo - [36m[E:\Codes\Git\GalaxyServer\game-server\node_modules\pomelo\lib\components\connector.js] [39msession on [connector-server-1] bind with uid: 11
[2015-06-15 21:23:48.761] [DEBUG] pomelo - [36m[E:\Codes\Git\GalaxyServer\game-server\node_modules\pomelo\lib\components\connector.js] [39m[connector-server-1] send message reqId: 2, route: connector.entryHandler.entry, msg: {"code":200,"playerId":11}, receivers: [1], opts: {"type":"response","userOptions":{},"isResponse":true}
[2015-06-15 21:23:49.885] [DEBUG] pomelo - [36m[E:\Codes\Git\GalaxyServer\game-server\node_modules\pomelo\lib\components\connector.js] [39m[connector-server-1] handleMessage session id: 1, msg: {"id":3,"type":0,"compressRoute":1,"route":"gameHall.playerHandler.addToGame","body":{},"compressGzip":0}
[2015-06-15 21:24:19.925] [ERROR] pomelo - [31m[E:\Codes\Git\GalaxyServer\game-server\node_modules\pomelo\lib\server\server.js] [39mfail to process remote message:Error: rpc failed with error code: 5
    at failfast (E:\Codes\Git\GalaxyServer\game-server\node_modules\pomelo\node_modules\pomelo-rpc\lib\rpc-client\failureProcess.js:151:27)
    at module.exports (E:\Codes\Git\GalaxyServer\game-server\node_modules\pomelo\node_modules\pomelo-rpc\lib\rpc-client\failureProcess.js:24:10)
    at EventEmitter.emit (events.js:106:17)
    at E:\Codes\Git\GalaxyServer\game-server\node_modules\pomelo\node_modules\pomelo-rpc\lib\rpc-client\mailstation.js:252:14
    at Object.exp.invokeCallback (E:\Codes\Git\GalaxyServer\game-server\node_modules\pomelo\node_modules\pomelo-rpc\lib\util\utils.js:5:8)
    at null.<anonymous> (E:\Codes\Git\GalaxyServer\game-server\node_modules\pomelo\node_modules\pomelo-rpc\lib\rpc-client\mailboxes\ws-mailbox.js:178:11)
    at Timer.listOnTimeout [as ontimeout] (timers.js:110:15)
[2015-06-15 21:24:19.926] [DEBUG] pomelo - [36m[E:\Codes\Git\GalaxyServer\game-server\node_modules\pomelo\lib\components\connector.js] [39m[connector-server-1] send message reqId: 3, route: gameHall.playerHandler.addToGame, msg: {"code":500}, receivers: [1], opts: {"type":"response","userOptions":{},"isResponse":true}
[2015-06-15 21:24:53.711] [DEBUG] pomelo - [36m[E:\Codes\Git\GalaxyServer\game-server\node_modules\pomelo\lib\components\connector.js] [39m[connector-server-1] getSession session is created with session id: 2
[2015-06-15 21:24:53.881] [DEBUG] pomelo - [36m[E:\Codes\Git\GalaxyServer\game-server\node_modules\pomelo\lib\components\connector.js] [39m[connector-server-1] handleMessage session id: 2, msg: {"id":2,"type":0,"compressRoute":1,"route":"connector.entryHandler.entry","body":{},"compressGzip":0}
[2015-06-15 21:24:53.883] [DEBUG] pomelo - [36m[E:\Codes\Git\GalaxyServer\game-server\node_modules\pomelo\lib\components\connector.js] [39msession on [connector-server-1] bind with uid: 12
[2015-06-15 21:24:53.884] [DEBUG] pomelo - [36m[E:\Codes\Git\GalaxyServer\game-server\node_modules\pomelo\lib\components\connector.js] [39m[connector-server-1] send message reqId: 2, route: connector.entryHandler.entry, msg: {"code":200,"playerId":12}, receivers: [2], opts: {"type":"response","userOptions":{},"isResponse":true}
[2015-06-15 21:24:53.976] [DEBUG] pomelo - [36m[E:\Codes\Git\GalaxyServer\game-server\node_modules\pomelo\lib\components\connector.js] [39m[connector-server-1] handleMessage session id: 2, msg: {"id":3,"type":0,"compressRoute":1,"route":"gameHall.playerHandler.addToGame","body":{},"compressGzip":0}
[2015-06-15 21:24:55.125] [DEBUG] pomelo - [36m[E:\Codes\Git\GalaxyServer\game-server\node_modules\pomelo\lib\components\connector.js] [39m[connector-server-1] handleMessage session id: 2, msg: {"id":4,"type":0,"compressRoute":1,"route":"gameHall.playerHandler.eject","body":{"angleVector":{"x":0.9107298792726883,"y":0.41300252662659886}},"compressGzip":0}
[2015-06-15 21:24:56.457] [DEBUG] pomelo - [36m[E:\Codes\Git\GalaxyServer\game-server\node_modules\pomelo\lib\common\service\sessionService.js] [39msession on [connector-server-1] is closed with session id: 2
[2015-06-15 21:25:23.983] [ERROR] pomelo - [31m[E:\Codes\Git\GalaxyServer\game-server\node_modules\pomelo\lib\server\server.js] [39mfail to process remote message:Error: rpc failed with error code: 5
    at failfast (E:\Codes\Git\GalaxyServer\game-server\node_modules\pomelo\node_modules\pomelo-rpc\lib\rpc-client\failureProcess.js:151:27)
    at module.exports (E:\Codes\Git\GalaxyServer\game-server\node_modules\pomelo\node_modules\pomelo-rpc\lib\rpc-client\failureProcess.js:24:10)
    at EventEmitter.emit (events.js:106:17)
    at E:\Codes\Git\GalaxyServer\game-server\node_modules\pomelo\node_modules\pomelo-rpc\lib\rpc-client\mailstation.js:252:14
    at Object.exp.invokeCallback (E:\Codes\Git\GalaxyServer\game-server\node_modules\pomelo\node_modules\pomelo-rpc\lib\util\utils.js:5:8)
    at null.<anonymous> (E:\Codes\Git\GalaxyServer\game-server\node_modules\pomelo\node_modules\pomelo-rpc\lib\rpc-client\mailboxes\ws-mailbox.js:178:11)
    at Timer.listOnTimeout [as ontimeout] (timers.js:110:15)
[2015-06-15 21:25:23.984] [DEBUG] pomelo - [36m[E:\Codes\Git\GalaxyServer\game-server\node_modules\pomelo\lib\components\connector.js] [39m[connector-server-1] send message reqId: 3, route: gameHall.playerHandler.addToGame, msg: {"code":500}, receivers: [2], opts: {"type":"response","userOptions":{},"isResponse":true}
[2015-06-15 21:25:23.985] [DEBUG] pomelo - [36m[E:\Codes\Git\GalaxyServer\game-server\node_modules\pomelo\lib\common\service\sessionService.js] [39mFail to send message for non-existing session, sid: 2 msg: {"code":500}
[2015-06-15 21:25:25.149] [ERROR] pomelo - [31m[E:\Codes\Git\GalaxyServer\game-server\node_modules\pomelo\lib\server\server.js] [39mfail to process remote message:Error: rpc failed with error code: 5
    at failfast (E:\Codes\Git\GalaxyServer\game-server\node_modules\pomelo\node_modules\pomelo-rpc\lib\rpc-client\failureProcess.js:151:27)
    at module.exports (E:\Codes\Git\GalaxyServer\game-server\node_modules\pomelo\node_modules\pomelo-rpc\lib\rpc-client\failureProcess.js:24:10)
    at EventEmitter.emit (events.js:106:17)
    at E:\Codes\Git\GalaxyServer\game-server\node_modules\pomelo\node_modules\pomelo-rpc\lib\rpc-client\mailstation.js:252:14
    at Object.exp.invokeCallback (E:\Codes\Git\GalaxyServer\game-server\node_modules\pomelo\node_modules\pomelo-rpc\lib\util\utils.js:5:8)
    at null.<anonymous> (E:\Codes\Git\GalaxyServer\game-server\node_modules\pomelo\node_modules\pomelo-rpc\lib\rpc-client\mailboxes\ws-mailbox.js:178:11)
    at Timer.listOnTimeout [as ontimeout] (timers.js:110:15)
[2015-06-15 21:25:25.151] [DEBUG] pomelo - [36m[E:\Codes\Git\GalaxyServer\game-server\node_modules\pomelo\lib\components\connector.js] [39m[connector-server-1] send message reqId: 4, route: gameHall.playerHandler.eject, msg: {"code":500}, receivers: [2], opts: {"type":"response","userOptions":{},"isResponse":true}
[2015-06-15 21:25:25.151] [DEBUG] pomelo - [36m[E:\Codes\Git\GalaxyServer\game-server\node_modules\pomelo\lib\common\service\sessionService.js] [39mFail to send message for non-existing session, sid: 2 msg: {"code":500}
[2015-06-15 21:28:46.823] [DEBUG] pomelo - [36m[E:\Codes\Git\GalaxyServer\game-server\node_modules\pomelo\lib\common\service\sessionService.js] [39msession on [connector-server-1] is closed with session id: 1
[2015-06-15 21:28:50.247] [DEBUG] pomelo - [36m[E:\Codes\Git\GalaxyServer\game-server\node_modules\pomelo\lib\components\connector.js] [39m[connector-server-1] getSession session is created with session id: 3
[2015-06-15 21:28:50.449] [DEBUG] pomelo - [36m[E:\Codes\Git\GalaxyServer\game-server\node_modules\pomelo\lib\components\connector.js] [39m[connector-server-1] handleMessage session id: 3, msg: {"id":2,"type":0,"compressRoute":1,"route":"connector.entryHandler.entry","body":{},"compressGzip":0}
[2015-06-15 21:28:50.449] [DEBUG] pomelo - [36m[E:\Codes\Git\GalaxyServer\game-server\node_modules\pomelo\lib\components\connector.js] [39msession on [connector-server-1] bind with uid: 13
[2015-06-15 21:28:50.450] [DEBUG] pomelo - [36m[E:\Codes\Git\GalaxyServer\game-server\node_modules\pomelo\lib\components\connector.js] [39m[connector-server-1] send message reqId: 2, route: connector.entryHandler.entry, msg: {"code":200,"playerId":13}, receivers: [3], opts: {"type":"response","userOptions":{},"isResponse":true}
[2015-06-15 21:28:50.547] [DEBUG] pomelo - [36m[E:\Codes\Git\GalaxyServer\game-server\node_modules\pomelo\lib\components\connector.js] [39m[connector-server-1] handleMessage session id: 3, msg: {"id":3,"type":0,"compressRoute":1,"route":"gameHall.playerHandler.addToGame","body":{},"compressGzip":0}
[2015-06-15 21:29:20.557] [ERROR] pomelo - [31m[E:\Codes\Git\GalaxyServer\game-server\node_modules\pomelo\lib\server\server.js] [39mfail to process remote message:Error: rpc failed with error code: 5
    at failfast (E:\Codes\Git\GalaxyServer\game-server\node_modules\pomelo\node_modules\pomelo-rpc\lib\rpc-client\failureProcess.js:151:27)
    at module.exports (E:\Codes\Git\GalaxyServer\game-server\node_modules\pomelo\node_modules\pomelo-rpc\lib\rpc-client\failureProcess.js:24:10)
    at EventEmitter.emit (events.js:106:17)
    at E:\Codes\Git\GalaxyServer\game-server\node_modules\pomelo\node_modules\pomelo-rpc\lib\rpc-client\mailstation.js:252:14
    at Object.exp.invokeCallback (E:\Codes\Git\GalaxyServer\game-server\node_modules\pomelo\node_modules\pomelo-rpc\lib\util\utils.js:5:8)
    at null.<anonymous> (E:\Codes\Git\GalaxyServer\game-server\node_modules\pomelo\node_modules\pomelo-rpc\lib\rpc-client\mailboxes\ws-mailbox.js:178:11)
    at Timer.listOnTimeout [as ontimeout] (timers.js:110:15)
[2015-06-15 21:29:20.557] [DEBUG] pomelo - [36m[E:\Codes\Git\GalaxyServer\game-server\node_modules\pomelo\lib\components\connector.js] [39m[connector-server-1] send message reqId: 3, route: gameHall.playerHandler.addToGame, msg: {"code":500}, receivers: [3], opts: {"type":"response","userOptions":{},"isResponse":true}
[2015-06-15 21:40:55.813] [INFO] pomelo - [32m[/home/wyw/Documents/Galaxy/game-server/node_modules/pomelo/lib/application.js] [39mapplication inited: "connector-server-1"
[2015-06-15 21:40:56.471] [INFO] pomelo - [32m[/home/wyw/Documents/Galaxy/game-server/node_modules/pomelo/lib/application.js] [39m"connector-server-1" enter after start...
[2015-06-15 21:40:56.474] [INFO] pomelo - [32m[/home/wyw/Documents/Galaxy/game-server/node_modules/pomelo/lib/application.js] [39m"connector-server-1" finish start
[2015-06-15 21:40:56.475] [INFO] pomelo - [32m[/home/wyw/Documents/Galaxy/game-server/node_modules/pomelo/lib/application.js] [39m"connector-server-1" startup in 589 ms
[2015-06-15 21:40:56.505] [DEBUG] pomelo - [36m[/home/wyw/Documents/Galaxy/game-server/node_modules/pomelo/lib/modules/monitorwatcher.js] [39m[connector-server-1] receive addServer signal: {"action":"addServer","server":{"main":"/home/wyw/Documents/Galaxy/game-server/app.js","env":"development","id":"gate-server-1","host":"192.168.184.135","port":3350,"clientPort":3014,"frontend":"true","serverType":"gate","pid":45416}}
[2015-06-15 21:51:42.498] [INFO] pomelo - [32m[/home/wyw/Documents/Galaxy/game-server/node_modules/pomelo/lib/application.js] [39mapplication inited: "connector-server-1"
[2015-06-15 21:51:43.046] [INFO] pomelo - [32m[/home/wyw/Documents/Galaxy/game-server/node_modules/pomelo/lib/application.js] [39m"connector-server-1" enter after start...
[2015-06-15 21:51:43.049] [INFO] pomelo - [32m[/home/wyw/Documents/Galaxy/game-server/node_modules/pomelo/lib/application.js] [39m"connector-server-1" finish start
[2015-06-15 21:51:43.050] [INFO] pomelo - [32m[/home/wyw/Documents/Galaxy/game-server/node_modules/pomelo/lib/application.js] [39m"connector-server-1" startup in 481 ms
[2015-06-15 21:52:46.494] [INFO] pomelo - [32m[/home/wyw/Documents/Galaxy/game-server/node_modules/pomelo/lib/application.js] [39mapplication inited: "connector-server-1"
[2015-06-15 21:52:47.026] [INFO] pomelo - [32m[/home/wyw/Documents/Galaxy/game-server/node_modules/pomelo/lib/application.js] [39m"connector-server-1" enter after start...
[2015-06-15 21:52:47.029] [INFO] pomelo - [32m[/home/wyw/Documents/Galaxy/game-server/node_modules/pomelo/lib/application.js] [39m"connector-server-1" finish start
[2015-06-15 21:52:47.029] [INFO] pomelo - [32m[/home/wyw/Documents/Galaxy/game-server/node_modules/pomelo/lib/application.js] [39m"connector-server-1" startup in 479 ms
[2015-06-15 21:52:47.032] [DEBUG] pomelo - [36m[/home/wyw/Documents/Galaxy/game-server/node_modules/pomelo/lib/modules/monitorwatcher.js] [39m[connector-server-1] receive addServer signal: {"action":"addServer","server":{"main":"/home/wyw/Documents/Galaxy/game-server/app.js","env":"development","id":"gate-server-1","host":"192.168.184.135","port":3350,"clientPort":3014,"frontend":"true","serverType":"gate","pid":45559}}
[2015-06-15 21:52:47.049] [DEBUG] pomelo - [36m[/home/wyw/Documents/Galaxy/game-server/node_modules/pomelo/lib/modules/monitorwatcher.js] [39m[connector-server-1] receive addServer signal: {"action":"addServer","server":{"main":"/home/wyw/Documents/Galaxy/game-server/app.js","env":"development","id":"connector-server-2","host":"192.168.184.135","port":3151,"clientPort":3011,"frontend":"true","serverType":"connector","pid":45555}}
[2015-06-15 21:54:03.699] [INFO] pomelo - [32m[/home/wyw/Documents/Galaxy/game-server/node_modules/pomelo/lib/application.js] [39mapplication inited: "connector-server-1"
[2015-06-15 21:54:04.225] [INFO] pomelo - [32m[/home/wyw/Documents/Galaxy/game-server/node_modules/pomelo/lib/application.js] [39m"connector-server-1" enter after start...
[2015-06-15 21:54:04.229] [INFO] pomelo - [32m[/home/wyw/Documents/Galaxy/game-server/node_modules/pomelo/lib/application.js] [39m"connector-server-1" finish start
[2015-06-15 21:54:04.229] [INFO] pomelo - [32m[/home/wyw/Documents/Galaxy/game-server/node_modules/pomelo/lib/application.js] [39m"connector-server-1" startup in 463 ms
[2015-06-15 21:54:04.233] [DEBUG] pomelo - [36m[/home/wyw/Documents/Galaxy/game-server/node_modules/pomelo/lib/modules/monitorwatcher.js] [39m[connector-server-1] receive addServer signal: {"action":"addServer","server":{"main":"/home/wyw/Documents/Galaxy/game-server/app.js","env":"development","id":"gate-server-1","host":"192.168.184.135","port":3350,"clientPort":3014,"frontend":"true","serverType":"gate","pid":45600}}
[2015-06-15 21:54:04.244] [DEBUG] pomelo - [36m[/home/wyw/Documents/Galaxy/game-server/node_modules/pomelo/lib/modules/monitorwatcher.js] [39m[connector-server-1] receive addServer signal: {"action":"addServer","server":{"main":"/home/wyw/Documents/Galaxy/game-server/app.js","env":"development","id":"connector-server-2","host":"192.168.184.135","port":3151,"clientPort":3011,"frontend":"true","serverType":"connector","pid":45596}}
[2015-06-15 21:55:15.203] [INFO] pomelo - [32m[/home/wyw/Documents/Galaxy/game-server/node_modules/pomelo/lib/application.js] [39mapplication inited: "connector-server-1"
[2015-06-15 21:55:15.831] [INFO] pomelo - [32m[/home/wyw/Documents/Galaxy/game-server/node_modules/pomelo/lib/application.js] [39m"connector-server-1" enter after start...
[2015-06-15 21:55:15.834] [INFO] pomelo - [32m[/home/wyw/Documents/Galaxy/game-server/node_modules/pomelo/lib/application.js] [39m"connector-server-1" finish start
[2015-06-15 21:55:15.834] [INFO] pomelo - [32m[/home/wyw/Documents/Galaxy/game-server/node_modules/pomelo/lib/application.js] [39m"connector-server-1" startup in 562 ms
[2015-06-15 21:57:06.425] [INFO] pomelo - [32m[/home/wyw/Documents/Galaxy/game-server/node_modules/pomelo/lib/application.js] [39mapplication inited: "connector-server-1"
[2015-06-15 21:57:06.947] [INFO] pomelo - [32m[/home/wyw/Documents/Galaxy/game-server/node_modules/pomelo/lib/application.js] [39m"connector-server-1" enter after start...
[2015-06-15 21:57:06.949] [INFO] pomelo - [32m[/home/wyw/Documents/Galaxy/game-server/node_modules/pomelo/lib/application.js] [39m"connector-server-1" finish start
[2015-06-15 21:57:06.950] [INFO] pomelo - [32m[/home/wyw/Documents/Galaxy/game-server/node_modules/pomelo/lib/application.js] [39m"connector-server-1" startup in 459 ms
[2015-06-15 21:57:06.951] [DEBUG] pomelo - [36m[/home/wyw/Documents/Galaxy/game-server/node_modules/pomelo/lib/modules/monitorwatcher.js] [39m[connector-server-1] receive addServer signal: {"action":"addServer","server":{"main":"/home/wyw/Documents/Galaxy/game-server/app.js","env":"development","id":"connector-server-2","host":"192.168.184.135","port":3151,"clientPort":3011,"frontend":"true","serverType":"connector","pid":45690}}
[2015-06-15 21:58:35.993] [INFO] pomelo - [32m[/home/wyw/Documents/Galaxy/game-server/node_modules/pomelo/lib/application.js] [39mapplication inited: "connector-server-1"
[2015-06-15 21:58:36.520] [INFO] pomelo - [32m[/home/wyw/Documents/Galaxy/game-server/node_modules/pomelo/lib/application.js] [39m"connector-server-1" enter after start...
[2015-06-15 21:58:36.524] [INFO] pomelo - [32m[/home/wyw/Documents/Galaxy/game-server/node_modules/pomelo/lib/application.js] [39m"connector-server-1" finish start
[2015-06-15 21:58:36.524] [INFO] pomelo - [32m[/home/wyw/Documents/Galaxy/game-server/node_modules/pomelo/lib/application.js] [39m"connector-server-1" startup in 457 ms
[2015-06-15 21:58:36.525] [DEBUG] pomelo - [36m[/home/wyw/Documents/Galaxy/game-server/node_modules/pomelo/lib/modules/monitorwatcher.js] [39m[connector-server-1] receive addServer signal: {"action":"addServer","server":{"main":"/home/wyw/Documents/Galaxy/game-server/app.js","env":"development","id":"connector-server-2","host":"192.168.184.135","port":3151,"clientPort":3011,"frontend":"true","serverType":"connector","pid":45737}}
[2015-06-15 22:02:26.771] [INFO] pomelo - [32m[/home/wyw/Documents/Galaxy/game-server/node_modules/pomelo/lib/application.js] [39mapplication inited: "connector-server-1"
[2015-06-15 22:02:27.305] [INFO] pomelo - [32m[/home/wyw/Documents/Galaxy/game-server/node_modules/pomelo/lib/application.js] [39m"connector-server-1" enter after start...
[2015-06-15 22:02:27.309] [INFO] pomelo - [32m[/home/wyw/Documents/Galaxy/game-server/node_modules/pomelo/lib/application.js] [39m"connector-server-1" finish start
[2015-06-15 22:02:27.309] [INFO] pomelo - [32m[/home/wyw/Documents/Galaxy/game-server/node_modules/pomelo/lib/application.js] [39m"connector-server-1" startup in 475 ms
[2015-06-15 22:02:27.318] [DEBUG] pomelo - [36m[/home/wyw/Documents/Galaxy/game-server/node_modules/pomelo/lib/modules/monitorwatcher.js] [39m[connector-server-1] receive addServer signal: {"action":"addServer","server":{"main":"/home/wyw/Documents/Galaxy/game-server/app.js","env":"development","id":"gate-server-1","host":"192.168.184.135","port":3350,"clientPort":3014,"frontend":"true","serverType":"gate","pid":45797}}
[2015-06-15 22:03:14.919] [INFO] pomelo - [32m[/home/wyw/Documents/Galaxy/game-server/node_modules/pomelo/lib/application.js] [39mapplication inited: "connector-server-1"
[2015-06-15 22:03:15.452] [INFO] pomelo - [32m[/home/wyw/Documents/Galaxy/game-server/node_modules/pomelo/lib/application.js] [39m"connector-server-1" enter after start...
[2015-06-15 22:03:15.455] [INFO] pomelo - [32m[/home/wyw/Documents/Galaxy/game-server/node_modules/pomelo/lib/application.js] [39m"connector-server-1" finish start
[2015-06-15 22:03:15.455] [INFO] pomelo - [32m[/home/wyw/Documents/Galaxy/game-server/node_modules/pomelo/lib/application.js] [39m"connector-server-1" startup in 466 ms
[2015-06-15 22:03:15.460] [DEBUG] pomelo - [36m[/home/wyw/Documents/Galaxy/game-server/node_modules/pomelo/lib/modules/monitorwatcher.js] [39m[connector-server-1] receive addServer signal: {"action":"addServer","server":{"main":"/home/wyw/Documents/Galaxy/game-server/app.js","env":"development","id":"connector-server-2","host":"192.168.184.135","port":3151,"clientPort":3011,"frontend":"true","serverType":"connector","pid":45832}}
[2015-06-15 22:03:15.467] [DEBUG] pomelo - [36m[/home/wyw/Documents/Galaxy/game-server/node_modules/pomelo/lib/modules/monitorwatcher.js] [39m[connector-server-1] receive addServer signal: {"action":"addServer","server":{"main":"/home/wyw/Documents/Galaxy/game-server/app.js","env":"development","id":"gate-server-1","host":"192.168.184.135","port":3350,"clientPort":3014,"frontend":"true","serverType":"gate","pid":45836}}
[2015-06-15 22:03:24.095] [DEBUG] pomelo - [36m[/home/wyw/Documents/Galaxy/game-server/node_modules/pomelo/lib/components/connector.js] [39m[connector-server-1] getSession session is created with session id: 1
[2015-06-15 22:03:24.289] [DEBUG] pomelo - [36m[/home/wyw/Documents/Galaxy/game-server/node_modules/pomelo/lib/components/connector.js] [39m[connector-server-1] handleMessage session id: 1, msg: {"id":2,"type":0,"compressRoute":1,"route":"connector.entryHandler.entry","body":{},"compressGzip":0}
[2015-06-15 22:03:24.292] [DEBUG] pomelo - [36m[/home/wyw/Documents/Galaxy/game-server/node_modules/pomelo/lib/components/connector.js] [39msession on [connector-server-1] bind with uid: 11
[2015-06-15 22:03:24.293] [DEBUG] pomelo - [36m[/home/wyw/Documents/Galaxy/game-server/node_modules/pomelo/lib/components/connector.js] [39m[connector-server-1] send message reqId: 2, route: connector.entryHandler.entry, msg: {"code":200,"playerId":11}, receivers: [1], opts: {"type":"response","userOptions":{},"isResponse":true}
[2015-06-15 22:03:24.388] [DEBUG] pomelo - [36m[/home/wyw/Documents/Galaxy/game-server/node_modules/pomelo/lib/components/connector.js] [39m[connector-server-1] handleMessage session id: 1, msg: {"id":3,"type":0,"compressRoute":1,"route":"gameHall.playerHandler.addToGame","body":{},"compressGzip":0}
[2015-06-15 22:03:24.439] [DEBUG] pomelo - [36m[/home/wyw/Documents/Galaxy/game-server/node_modules/pomelo/lib/components/connector.js] [39m[connector-server-1] send message reqId: 3, route: gameHall.playerHandler.addToGame, msg: {"playerList":{"11":0},"asterList":{"0":{"position":{"x":111.39464750885963,"y":611.7212664335966},"velocity":{"x":0,"y":0},"radius":50,"property":0,"asterId":0}}}, receivers: [1], opts: {"type":"response","userOptions":{},"isResponse":true}
[2015-06-15 22:03:25.815] [DEBUG] pomelo - [36m[/home/wyw/Documents/Galaxy/game-server/node_modules/pomelo/lib/components/connector.js] [39m[connector-server-1] handleMessage session id: 1, msg: {"id":4,"type":0,"compressRoute":1,"route":"gameHall.playerHandler.eject","body":{"angleVector":{"x":-0.9813148392085823,"y":0.19240890402742294}},"compressGzip":0}
[2015-06-15 22:03:25.818] [DEBUG] pomelo - [36m[/home/wyw/Documents/Galaxy/game-server/node_modules/pomelo/lib/components/connector.js] [39m[connector-server-1] send message reqId: 4, route: gameHall.playerHandler.eject, msg: 1, receivers: [1], opts: {"type":"response","userOptions":{},"isResponse":true}
[2015-06-15 23:46:43.405] [INFO] pomelo - [32m[/home/wyw/Documents/Galaxy/game-server/node_modules/pomelo/lib/application.js] [39mapplication inited: "connector-server-1"
[2015-06-15 23:46:46.462] [INFO] pomelo - [32m[/home/wyw/Documents/Galaxy/game-server/node_modules/pomelo/lib/application.js] [39m"connector-server-1" enter after start...
[2015-06-15 23:46:46.508] [INFO] pomelo - [32m[/home/wyw/Documents/Galaxy/game-server/node_modules/pomelo/lib/application.js] [39m"connector-server-1" finish start
[2015-06-15 23:46:46.509] [INFO] pomelo - [32m[/home/wyw/Documents/Galaxy/game-server/node_modules/pomelo/lib/application.js] [39m"connector-server-1" startup in 2633 ms
[2015-06-15 23:46:46.635] [DEBUG] pomelo - [36m[/home/wyw/Documents/Galaxy/game-server/node_modules/pomelo/lib/modules/monitorwatcher.js] [39m[connector-server-1] receive addServer signal: {"action":"addServer","server":{"main":"/home/wyw/Documents/Galaxy/game-server/app.js","env":"development","id":"connector-server-2","host":"192.168.184.135","port":3151,"clientPort":3011,"frontend":"true","serverType":"connector","pid":46995}}
[2015-06-15 23:46:46.798] [DEBUG] pomelo - [36m[/home/wyw/Documents/Galaxy/game-server/node_modules/pomelo/lib/modules/monitorwatcher.js] [39m[connector-server-1] receive addServer signal: {"action":"addServer","server":{"main":"/home/wyw/Documents/Galaxy/game-server/app.js","env":"development","id":"gameHall-server-1","host":"192.168.184.135","port":3250,"gameHallId":1,"serverType":"gameHall","pid":46997}}
[2015-06-15 23:46:46.867] [DEBUG] pomelo - [36m[/home/wyw/Documents/Galaxy/game-server/node_modules/pomelo/lib/modules/monitorwatcher.js] [39m[connector-server-1] receive addServer signal: {"action":"addServer","server":{"main":"/home/wyw/Documents/Galaxy/game-server/app.js","env":"development","id":"gate-server-1","host":"192.168.184.135","port":3350,"clientPort":3014,"frontend":"true","serverType":"gate","pid":46999}}
[2015-06-15 23:47:18.890] [DEBUG] pomelo - [36m[/home/wyw/Documents/Galaxy/game-server/node_modules/pomelo/lib/components/connector.js] [39m[connector-server-1] getSession session is created with session id: 1
[2015-06-15 23:47:19.035] [DEBUG] pomelo - [36m[/home/wyw/Documents/Galaxy/game-server/node_modules/pomelo/lib/components/connector.js] [39m[connector-server-1] handleMessage session id: 1, msg: {"id":2,"type":0,"compressRoute":1,"route":"connector.entryHandler.entry","body":{},"compressGzip":0}
[2015-06-15 23:47:19.082] [DEBUG] pomelo - [36m[/home/wyw/Documents/Galaxy/game-server/node_modules/pomelo/lib/components/connector.js] [39msession on [connector-server-1] bind with uid: 11
[2015-06-15 23:47:19.111] [DEBUG] pomelo - [36m[/home/wyw/Documents/Galaxy/game-server/node_modules/pomelo/lib/components/connector.js] [39m[connector-server-1] send message reqId: 2, route: connector.entryHandler.entry, msg: {"code":200,"playerId":11}, receivers: [1], opts: {"type":"response","userOptions":{},"isResponse":true}
[2015-06-15 23:47:19.196] [DEBUG] pomelo - [36m[/home/wyw/Documents/Galaxy/game-server/node_modules/pomelo/lib/components/connector.js] [39m[connector-server-1] handleMessage session id: 1, msg: {"id":3,"type":0,"compressRoute":1,"route":"gameHall.playerHandler.addToGame","body":{},"compressGzip":0}
[2015-06-15 23:47:19.539] [DEBUG] pomelo - [36m[/home/wyw/Documents/Galaxy/game-server/node_modules/pomelo/lib/components/connector.js] [39m[connector-server-1] send message reqId: 3, route: gameHall.playerHandler.addToGame, msg: {"playerList":{"11":0},"asterList":{"0":{"position":{"x":550.0620262231678,"y":757.0337740238756},"velocity":{"x":0,"y":0},"radius":50,"property":0,"asterId":0}}}, receivers: [1], opts: {"type":"response","userOptions":{},"isResponse":true}
[2015-06-15 23:47:21.776] [DEBUG] pomelo - [36m[/home/wyw/Documents/Galaxy/game-server/node_modules/pomelo/lib/components/connector.js] [39m[connector-server-1] handleMessage session id: 1, msg: {"id":4,"type":0,"compressRoute":1,"route":"gameHall.playerHandler.eject","body":{"angleVector":{"x":0.1884774957676833,"y":0.9820775089518866}},"compressGzip":0}
[2015-06-15 23:47:21.841] [DEBUG] pomelo - [36m[/home/wyw/Documents/Galaxy/game-server/node_modules/pomelo/lib/components/connector.js] [39m[connector-server-1] send message reqId: 4, route: gameHall.playerHandler.eject, msg: 1, receivers: [1], opts: {"type":"response","userOptions":{},"isResponse":true}
[2015-06-15 23:47:23.236] [DEBUG] pomelo - [36m[/home/wyw/Documents/Galaxy/game-server/node_modules/pomelo/lib/components/connector.js] [39m[connector-server-1] handleMessage session id: 1, msg: {"id":5,"type":0,"compressRoute":1,"route":"gameHall.playerHandler.eject","body":{"angleVector":{"x":-0.06370819632197336,"y":0.9979685695057741}},"compressGzip":0}
[2015-06-15 23:47:23.246] [DEBUG] pomelo - [36m[/home/wyw/Documents/Galaxy/game-server/node_modules/pomelo/lib/components/connector.js] [39m[connector-server-1] send message reqId: 5, route: gameHall.playerHandler.eject, msg: 2, receivers: [1], opts: {"type":"response","userOptions":{},"isResponse":true}
[2015-06-15 23:47:24.075] [DEBUG] pomelo - [36m[/home/wyw/Documents/Galaxy/game-server/node_modules/pomelo/lib/components/connector.js] [39m[connector-server-1] handleMessage session id: 1, msg: {"id":6,"type":0,"compressRoute":1,"route":"gameHall.playerHandler.eject","body":{"angleVector":{"x":-0.0630400257074498,"y":0.9980109995179433}},"compressGzip":0}
[2015-06-15 23:47:24.123] [DEBUG] pomelo - [36m[/home/wyw/Documents/Galaxy/game-server/node_modules/pomelo/lib/components/connector.js] [39m[connector-server-1] send message reqId: 6, route: gameHall.playerHandler.eject, msg: 3, receivers: [1], opts: {"type":"response","userOptions":{},"isResponse":true}
[2015-06-15 23:47:24.826] [DEBUG] pomelo - [36m[/home/wyw/Documents/Galaxy/game-server/node_modules/pomelo/lib/components/connector.js] [39m[connector-server-1] handleMessage session id: 1, msg: {"id":7,"type":0,"compressRoute":1,"route":"gameHall.playerHandler.eject","body":{"angleVector":{"x":-0.04421210188901298,"y":0.9990221669445355}},"compressGzip":0}
[2015-06-15 23:47:24.914] [DEBUG] pomelo - [36m[/home/wyw/Documents/Galaxy/game-server/node_modules/pomelo/lib/components/connector.js] [39m[connector-server-1] send message reqId: 7, route: gameHall.playerHandler.eject, msg: 4, receivers: [1], opts: {"type":"response","userOptions":{},"isResponse":true}
[2015-06-15 23:47:30.280] [DEBUG] pomelo - [36m[/home/wyw/Documents/Galaxy/game-server/node_modules/pomelo/lib/components/connector.js] [39m[connector-server-1] handleMessage session id: 1, msg: {"id":8,"type":0,"compressRoute":1,"route":"gameHall.playerHandler.updateData","body":{},"compressGzip":0}
[2015-06-15 23:47:30.292] [DEBUG] pomelo - [36m[/home/wyw/Documents/Galaxy/game-server/node_modules/pomelo/lib/components/connector.js] [39m[connector-server-1] send message reqId: 8, route: gameHall.playerHandler.updateData, msg: {"playerList":{"11":0},"asterList":{"0":{"position":{"x":550.0086579177249,"y":739.5801709751119},"velocity":{"x":-1.4551915228366953e-17,"y":-1.4551915228366953e-17},"radius":49.99999999999987,"property":0,"asterId":0}}}, receivers: [1], opts: {"type":"response","userOptions":{},"isResponse":true}
[2015-06-15 23:47:39.601] [DEBUG] pomelo - [36m[/home/wyw/Documents/Galaxy/game-server/node_modules/pomelo/lib/common/service/sessionService.js] [39msession on [connector-server-1] is closed with session id: 1
[2015-06-15 23:49:46.239] [DEBUG] pomelo - [36m[/home/wyw/Documents/Galaxy/game-server/node_modules/pomelo/lib/components/connector.js] [39m[connector-server-1] getSession session is created with session id: 2
[2015-06-15 23:49:46.437] [DEBUG] pomelo - [36m[/home/wyw/Documents/Galaxy/game-server/node_modules/pomelo/lib/components/connector.js] [39m[connector-server-1] handleMessage session id: 2, msg: {"id":2,"type":0,"compressRoute":1,"route":"connector.entryHandler.entry","body":{},"compressGzip":0}
[2015-06-15 23:49:46.438] [DEBUG] pomelo - [36m[/home/wyw/Documents/Galaxy/game-server/node_modules/pomelo/lib/components/connector.js] [39msession on [connector-server-1] bind with uid: 21
[2015-06-15 23:49:46.438] [DEBUG] pomelo - [36m[/home/wyw/Documents/Galaxy/game-server/node_modules/pomelo/lib/components/connector.js] [39m[connector-server-1] send message reqId: 2, route: connector.entryHandler.entry, msg: {"code":200,"playerId":21}, receivers: [2], opts: {"type":"response","userOptions":{},"isResponse":true}
[2015-06-15 23:49:46.538] [DEBUG] pomelo - [36m[/home/wyw/Documents/Galaxy/game-server/node_modules/pomelo/lib/components/connector.js] [39m[connector-server-1] handleMessage session id: 2, msg: {"id":3,"type":0,"compressRoute":1,"route":"gameHall.playerHandler.addToGame","body":{},"compressGzip":0}
[2015-06-15 23:49:46.566] [DEBUG] pomelo - [36m[/home/wyw/Documents/Galaxy/game-server/node_modules/pomelo/lib/components/connector.js] [39m[connector-server-1] send message reqId: 3, route: gameHall.playerHandler.addToGame, msg: {"playerList":{"11":0,"12":5,"21":7},"asterList":{"0":{"position":{"x":550.0086579177249,"y":739.5801709751119},"velocity":{"x":-1.4551915228366953e-17,"y":-1.4551915228366953e-17},"radius":49.99999999999987,"property":0,"asterId":0},"5":{"position":{"x":518.042949099272,"y":360.43741756241155},"velocity":{"x":-0.3016064243481385,"y":-0.3016064243481385},"radius":49.99999999999995,"property":0,"asterId":5},"7":{"position":{"x":552.7873530052602,"y":150.62032672576606},"velocity":{"x":0,"y":0},"radius":50,"property":0,"asterId":7}}}, receivers: [2], opts: {"type":"response","userOptions":{},"isResponse":true}
[2015-06-15 23:49:56.645] [DEBUG] pomelo - [36m[/home/wyw/Documents/Galaxy/game-server/node_modules/pomelo/lib/components/connector.js] [39m[connector-server-1] handleMessage session id: 2, msg: {"id":4,"type":0,"compressRoute":1,"route":"gameHall.playerHandler.updateData","body":{},"compressGzip":0}
[2015-06-15 23:49:56.649] [DEBUG] pomelo - [36m[/home/wyw/Documents/Galaxy/game-server/node_modules/pomelo/lib/components/connector.js] [39m[connector-server-1] send message reqId: 4, route: gameHall.playerHandler.updateData, msg: {"playerList":{"11":0,"12":5,"21":7},"asterList":{"0":{"position":{"x":550.0086579177249,"y":739.5801709751119},"velocity":{"x":-1.4551915228366953e-17,"y":-1.4551915228366953e-17},"radius":49.99999999999987,"property":0,"asterId":0},"5":{"position":{"x":482.1517846018404,"y":324.5462530649799},"velocity":{"x":-0.3016064243481385,"y":-0.3016064243481385},"radius":49.99999999999995,"property":0,"asterId":5},"7":{"position":{"x":552.7873530052602,"y":150.62032672576606},"velocity":{"x":0,"y":0},"radius":50,"property":0,"asterId":7}}}, receivers: [2], opts: {"type":"response","userOptions":{},"isResponse":true}
[2015-06-15 23:49:59.597] [DEBUG] pomelo - [36m[/home/wyw/Documents/Galaxy/game-server/node_modules/pomelo/lib/common/service/sessionService.js] [39msession on [connector-server-1] is closed with session id: 2
[2015-06-15 23:52:06.842] [DEBUG] pomelo - [36m[/home/wyw/Documents/Galaxy/game-server/node_modules/pomelo/lib/components/connector.js] [39m[connector-server-1] getSession session is created with session id: 3
[2015-06-15 23:52:07.017] [DEBUG] pomelo - [36m[/home/wyw/Documents/Galaxy/game-server/node_modules/pomelo/lib/components/connector.js] [39m[connector-server-1] handleMessage session id: 3, msg: {"id":2,"type":0,"compressRoute":1,"route":"connector.entryHandler.entry","body":{},"compressGzip":0}
[2015-06-15 23:52:07.072] [DEBUG] pomelo - [36m[/home/wyw/Documents/Galaxy/game-server/node_modules/pomelo/lib/components/connector.js] [39msession on [connector-server-1] bind with uid: 31
[2015-06-15 23:52:07.095] [DEBUG] pomelo - [36m[/home/wyw/Documents/Galaxy/game-server/node_modules/pomelo/lib/components/connector.js] [39m[connector-server-1] send message reqId: 2, route: connector.entryHandler.entry, msg: {"code":200,"playerId":31}, receivers: [3], opts: {"type":"response","userOptions":{},"isResponse":true}
[2015-06-15 23:52:07.187] [DEBUG] pomelo - [36m[/home/wyw/Documents/Galaxy/game-server/node_modules/pomelo/lib/components/connector.js] [39m[connector-server-1] handleMessage session id: 3, msg: {"id":3,"type":0,"compressRoute":1,"route":"gameHall.playerHandler.addToGame","body":{},"compressGzip":0}
[2015-06-15 23:52:07.284] [DEBUG] pomelo - [36m[/home/wyw/Documents/Galaxy/game-server/node_modules/pomelo/lib/components/connector.js] [39m[connector-server-1] send message reqId: 3, route: gameHall.playerHandler.addToGame, msg: {"playerList":{"11":0,"12":5,"21":7,"22":8,"31":9},"asterList":{"0":{"position":{"x":550.0086579177249,"y":739.5801709751119},"velocity":{"x":-1.4551915228366953e-17,"y":-1.4551915228366953e-17},"radius":49.99999999999987,"property":0,"asterId":0},"5":{"position":{"x":85.03656671344449,"y":242.64209825029016},"velocity":{"x":0.3016064243481385,"y":0.3016064243481385},"radius":49.99999999999995,"property":0,"asterId":5},"7":{"position":{"x":552.7873530052602,"y":150.62032672576606},"velocity":{"x":0,"y":0},"radius":50,"property":0,"asterId":7},"8":{"position":{"x":878.2724350923672,"y":187.8945284173824},"velocity":{"x":0,"y":0},"radius":50,"property":0,"asterId":8},"9":{"position":{"x":539.1902635456063,"y":688.7319867732003},"velocity":{"x":0,"y":0},"radius":50,"property":0,"asterId":9}}}, receivers: [3], opts: {"type":"response","userOptions":{},"isResponse":true}
[2015-06-15 23:52:12.494] [DEBUG] pomelo - [36m[/home/wyw/Documents/Galaxy/game-server/node_modules/pomelo/lib/components/connector.js] [39m[connector-server-1] handleMessage session id: 3, msg: {"id":4,"type":0,"compressRoute":1,"route":"gameHall.playerHandler.updateData","body":{},"compressGzip":0}
[2015-06-15 23:52:12.514] [DEBUG] pomelo - [36m[/home/wyw/Documents/Galaxy/game-server/node_modules/pomelo/lib/components/connector.js] [39m[connector-server-1] send message reqId: 4, route: gameHall.playerHandler.updateData, msg: {"playerList":{"11":0,"12":5,"21":7,"22":8,"31":9},"asterList":{"5":{"position":{"x":103.73616502302896,"y":261.3416965598751},"velocity":{"x":0.3016064243481385,"y":0.3016064243481385},"radius":49.99999999999995,"property":0,"asterId":5},"7":{"position":{"x":552.7873530052602,"y":150.62032672576606},"velocity":{"x":0,"y":0},"radius":50,"property":0,"asterId":7},"8":{"position":{"x":878.2724350923672,"y":187.8945284173824},"velocity":{"x":0,"y":0},"radius":50,"property":0,"asterId":8},"9":{"position":{"x":539.1902635456063,"y":688.7319867732003},"velocity":{"x":-7.275957614183449e-18,"y":-7.275957614183449e-18},"radius":62.996052494743566,"property":0,"asterId":9}}}, receivers: [3], opts: {"type":"response","userOptions":{},"isResponse":true}
[2015-06-15 23:52:14.087] [DEBUG] pomelo - [36m[/home/wyw/Documents/Galaxy/game-server/node_modules/pomelo/lib/common/service/sessionService.js] [39msession on [connector-server-1] is closed with session id: 3
[2015-06-15 23:53:32.488] [DEBUG] pomelo - [36m[/home/wyw/Documents/Galaxy/game-server/node_modules/pomelo/lib/components/connector.js] [39m[connector-server-1] getSession session is created with session id: 4
[2015-06-15 23:53:32.687] [DEBUG] pomelo - [36m[/home/wyw/Documents/Galaxy/game-server/node_modules/pomelo/lib/components/connector.js] [39m[connector-server-1] handleMessage session id: 4, msg: {"id":2,"type":0,"compressRoute":1,"route":"connector.entryHandler.entry","body":{},"compressGzip":0}
[2015-06-15 23:53:32.687] [DEBUG] pomelo - [36m[/home/wyw/Documents/Galaxy/game-server/node_modules/pomelo/lib/components/connector.js] [39msession on [connector-server-1] bind with uid: 41
[2015-06-15 23:53:32.688] [DEBUG] pomelo - [36m[/home/wyw/Documents/Galaxy/game-server/node_modules/pomelo/lib/components/connector.js] [39m[connector-server-1] send message reqId: 2, route: connector.entryHandler.entry, msg: {"code":200,"playerId":41}, receivers: [4], opts: {"type":"response","userOptions":{},"isResponse":true}
[2015-06-15 23:53:32.787] [DEBUG] pomelo - [36m[/home/wyw/Documents/Galaxy/game-server/node_modules/pomelo/lib/components/connector.js] [39m[connector-server-1] handleMessage session id: 4, msg: {"id":3,"type":0,"compressRoute":1,"route":"gameHall.playerHandler.addToGame","body":{},"compressGzip":0}
[2015-06-15 23:53:32.795] [DEBUG] pomelo - [36m[/home/wyw/Documents/Galaxy/game-server/node_modules/pomelo/lib/components/connector.js] [39m[connector-server-1] send message reqId: 3, route: gameHall.playerHandler.addToGame, msg: {"playerList":{"11":0,"12":5,"21":7,"22":8,"31":9,"32":10,"41":11},"asterList":{"5":{"position":{"x":388.75423603203063,"y":546.3597675688911},"velocity":{"x":0.3016064243481385,"y":0.3016064243481385},"radius":49.99999999999995,"property":0,"asterId":5},"7":{"position":{"x":552.7873530052602,"y":150.62032672576606},"velocity":{"x":0,"y":0},"radius":50,"property":0,"asterId":7},"8":{"position":{"x":878.2724350923672,"y":187.8945284173824},"velocity":{"x":0,"y":0},"radius":50,"property":0,"asterId":8},"9":{"position":{"x":539.1902635456063,"y":688.7319867732003},"velocity":{"x":-7.275957614183449e-18,"y":-7.275957614183449e-18},"radius":62.996052494743566,"property":0,"asterId":9},"10":{"position":{"x":90.60768691124395,"y":613.9875933644362},"velocity":{"x":0,"y":0},"radius":50,"property":0,"asterId":10},"11":{"position":{"x":453.38596652727574,"y":569.4296025088988},"velocity":{"x":0,"y":0},"radius":50,"property":0,"asterId":11}}}, receivers: [4], opts: {"type":"response","userOptions":{},"isResponse":true}
[2015-06-15 23:53:37.891] [DEBUG] pomelo - [36m[/home/wyw/Documents/Galaxy/game-server/node_modules/pomelo/lib/components/connector.js] [39m[connector-server-1] handleMessage session id: 4, msg: {"id":4,"type":0,"compressRoute":1,"route":"gameHall.playerHandler.updateData","body":{},"compressGzip":0}
[2015-06-15 23:53:37.894] [DEBUG] pomelo - [36m[/home/wyw/Documents/Galaxy/game-server/node_modules/pomelo/lib/components/connector.js] [39m[connector-server-1] send message reqId: 4, route: gameHall.playerHandler.updateData, msg: {"playerList":{"11":0,"12":5,"21":7,"22":8,"31":9,"32":10,"41":11},"asterList":{"7":{"position":{"x":552.7873530052602,"y":150.62032672576606},"velocity":{"x":0,"y":0},"radius":50,"property":0,"asterId":7},"8":{"position":{"x":878.2724350923672,"y":187.8945284173824},"velocity":{"x":0,"y":0},"radius":50,"property":0,"asterId":8},"9":{"position":{"x":539.1902635456063,"y":688.7319867732003},"velocity":{"x":-7.275957614183449e-18,"y":-7.275957614183449e-18},"radius":62.996052494743566,"property":0,"asterId":9},"10":{"position":{"x":90.60768691124395,"y":613.9875933644362},"velocity":{"x":0,"y":0},"radius":50,"property":0,"asterId":10},"11":{"position":{"x":462.4332696869694,"y":578.4769056685925},"velocity":{"x":0.15080321217406903,"y":0.15080321217406903},"radius":62.996052494743545,"property":0,"asterId":11}}}, receivers: [4], opts: {"type":"response","userOptions":{},"isResponse":true}
[2015-06-15 23:53:42.894] [DEBUG] pomelo - [36m[/home/wyw/Documents/Galaxy/game-server/node_modules/pomelo/lib/components/connector.js] [39m[connector-server-1] handleMessage session id: 4, msg: {"id":5,"type":0,"compressRoute":1,"route":"gameHall.playerHandler.updateData","body":{},"compressGzip":0}
[2015-06-15 23:53:42.897] [DEBUG] pomelo - [36m[/home/wyw/Documents/Galaxy/game-server/node_modules/pomelo/lib/components/connector.js] [39m[connector-server-1] send message reqId: 5, route: gameHall.playerHandler.updateData, msg: {"playerList":{"11":0,"12":5,"21":7,"22":8,"31":9,"32":10,"41":11},"asterList":{"7":{"position":{"x":552.7873530052602,"y":150.62032672576606},"velocity":{"x":0,"y":0},"radius":50,"property":0,"asterId":7},"8":{"position":{"x":878.2724350923672,"y":187.8945284173824},"velocity":{"x":0,"y":0},"radius":50,"property":0,"asterId":8},"9":{"position":{"x":539.7126250144324,"y":689.2543482420265},"velocity":{"x":0.04780361456264557,"y":0.04780361456264557},"radius":71.53276695748905,"property":0,"asterId":9},"10":{"position":{"x":90.60768691124395,"y":613.9875933644362},"velocity":{"x":0,"y":0},"radius":50,"property":0,"asterId":10},"11":{"position":{"x":471.3306592052403,"y":587.3742951868634},"velocity":{"x":0.15080321217406903,"y":0.15080321217406903},"radius":51.16865299538829,"property":0,"asterId":11}}}, receivers: [4], opts: {"type":"response","userOptions":{},"isResponse":true}
[2015-06-15 23:53:47.091] [DEBUG] pomelo - [36m[/home/wyw/Documents/Galaxy/game-server/node_modules/pomelo/lib/common/service/sessionService.js] [39msession on [connector-server-1] is closed with session id: 4
[2015-06-15 23:55:13.138] [DEBUG] pomelo - [36m[/home/wyw/Documents/Galaxy/game-server/node_modules/pomelo/lib/components/connector.js] [39m[connector-server-1] getSession session is created with session id: 5
[2015-06-15 23:55:13.338] [DEBUG] pomelo - [36m[/home/wyw/Documents/Galaxy/game-server/node_modules/pomelo/lib/components/connector.js] [39m[connector-server-1] handleMessage session id: 5, msg: {"id":2,"type":0,"compressRoute":1,"route":"connector.entryHandler.entry","body":{},"compressGzip":0}
[2015-06-15 23:55:13.338] [DEBUG] pomelo - [36m[/home/wyw/Documents/Galaxy/game-server/node_modules/pomelo/lib/components/connector.js] [39msession on [connector-server-1] bind with uid: 51
[2015-06-15 23:55:13.339] [DEBUG] pomelo - [36m[/home/wyw/Documents/Galaxy/game-server/node_modules/pomelo/lib/components/connector.js] [39m[connector-server-1] send message reqId: 2, route: connector.entryHandler.entry, msg: {"code":200,"playerId":51}, receivers: [5], opts: {"type":"response","userOptions":{},"isResponse":true}
[2015-06-15 23:55:13.438] [DEBUG] pomelo - [36m[/home/wyw/Documents/Galaxy/game-server/node_modules/pomelo/lib/components/connector.js] [39m[connector-server-1] handleMessage session id: 5, msg: {"id":3,"type":0,"compressRoute":1,"route":"gameHall.playerHandler.addToGame","body":{},"compressGzip":0}
[2015-06-15 23:55:13.443] [DEBUG] pomelo - [36m[/home/wyw/Documents/Galaxy/game-server/node_modules/pomelo/lib/components/connector.js] [39m[connector-server-1] send message reqId: 3, route: gameHall.playerHandler.addToGame, msg: {"playerList":{"11":0,"12":5,"21":7,"22":8,"31":9,"32":10,"41":11,"42":12,"51":17},"asterList":{"7":{"position":{"x":438.9223438206624,"y":759.9696098176612},"velocity":{"x":1.0023020225109296,"y":1.0023020225109296},"radius":26.963606625403024,"property":0,"asterId":7},"8":{"position":{"x":878.2724350923672,"y":187.8945284173824},"velocity":{"x":0,"y":0},"radius":50,"property":0,"asterId":8},"9":{"position":{"x":503.06077315618506,"y":652.6024963837829},"velocity":{"x":0.3141037871697204,"y":0.3141037871697204},"radius":94.92686837377396,"property":0,"asterId":9},"17":{"position":{"x":972.2671322175302,"y":257.58905322290957},"velocity":{"x":0,"y":0},"radius":50,"property":0,"asterId":17}}}, receivers: [5], opts: {"type":"response","userOptions":{},"isResponse":true}
[2015-06-15 23:55:18.545] [DEBUG] pomelo - [36m[/home/wyw/Documents/Galaxy/game-server/node_modules/pomelo/lib/components/connector.js] [39m[connector-server-1] handleMessage session id: 5, msg: {"id":4,"type":0,"compressRoute":1,"route":"gameHall.playerHandler.updateData","body":{},"compressGzip":0}
[2015-06-15 23:55:18.546] [DEBUG] pomelo - [36m[/home/wyw/Documents/Galaxy/game-server/node_modules/pomelo/lib/components/connector.js] [39m[connector-server-1] send message reqId: 4, route: gameHall.playerHandler.updateData, msg: {"playerList":{"11":0,"12":5,"21":7,"22":8,"31":9,"32":10,"41":11,"42":12,"51":17},"asterList":{"8":{"position":{"x":878.2724350923672,"y":187.8945284173824},"velocity":{"x":0,"y":0},"radius":50,"property":0,"asterId":8},"9":{"position":{"x":522.8152274574941,"y":672.3569506850931},"velocity":{"x":0.3295221921724108,"y":0.3295221921724108},"radius":95.6465591386175,"property":0,"asterId":9},"17":{"position":{"x":972.2671322175302,"y":257.58905322290957},"velocity":{"x":0,"y":0},"radius":50,"property":0,"asterId":17}}}, receivers: [5], opts: {"type":"response","userOptions":{},"isResponse":true}
[2015-06-15 23:55:21.998] [DEBUG] pomelo - [36m[/home/wyw/Documents/Galaxy/game-server/node_modules/pomelo/lib/components/connector.js] [39m[connector-server-1] handleMessage session id: 5, msg: {"id":5,"type":0,"compressRoute":1,"route":"gameHall.playerHandler.eject","body":{"angleVector":{"x":0.5999984949717834,"y":0.8000011287689504}},"compressGzip":0}
[2015-06-15 23:55:22.057] [DEBUG] pomelo - [36m[/home/wyw/Documents/Galaxy/game-server/node_modules/pomelo/lib/components/connector.js] [39m[connector-server-1] send message reqId: 5, route: gameHall.playerHandler.eject, msg: 18, receivers: [5], opts: {"type":"response","userOptions":{},"isResponse":true}
[2015-06-15 23:55:23.572] [DEBUG] pomelo - [36m[/home/wyw/Documents/Galaxy/game-server/node_modules/pomelo/lib/components/connector.js] [39m[connector-server-1] handleMessage session id: 5, msg: {"id":6,"type":0,"compressRoute":1,"route":"gameHall.playerHandler.updateData","body":{},"compressGzip":0}
[2015-06-15 23:55:23.653] [DEBUG] pomelo - [36m[/home/wyw/Documents/Galaxy/game-server/node_modules/pomelo/lib/components/connector.js] [39m[connector-server-1] send message reqId: 6, route: gameHall.playerHandler.updateData, msg: {"playerList":{"11":0,"12":5,"21":7,"22":8,"31":9,"32":10,"41":11,"42":12,"51":17},"asterList":{"8":{"position":{"x":878.2724350923672,"y":187.8945284173824},"velocity":{"x":-0.15062458513915059,"y":-0.15062458513915059},"radius":54.244132379803496,"property":0,"asterId":8},"9":{"position":{"x":542.5865589878358,"y":692.1282822154349},"velocity":{"x":0.3295221921724108,"y":0.3295221921724108},"radius":95.6465591386175,"property":0,"asterId":9},"17":{"position":{"x":958.6302511802123,"y":243.5743894328627},"velocity":{"x":-0.6946416970453696,"y":-0.6946416970453696},"radius":43.51897686448731,"property":0,"asterId":17},"18":{"position":{"x":763.9834731207936,"y":555.9894742537278},"velocity":{"x":-10.199974414520318,"y":13.600019189072157},"radius":19.974978018600858,"property":0,"asterId":18}}}, receivers: [5], opts: {"type":"response","userOptions":{},"isResponse":true}
[2015-06-15 23:55:23.767] [DEBUG] pomelo - [36m[/home/wyw/Documents/Galaxy/game-server/node_modules/pomelo/lib/components/connector.js] [39m[connector-server-1] handleMessage session id: 5, msg: {"id":7,"type":0,"compressRoute":1,"route":"gameHall.playerHandler.eject","body":{"angleVector":{"x":-0.08421731561434,"y":0.9964474114325927}},"compressGzip":0}
[2015-06-15 23:55:23.785] [DEBUG] pomelo - [36m[/home/wyw/Documents/Galaxy/game-server/node_modules/pomelo/lib/components/connector.js] [39m[connector-server-1] send message reqId: 7, route: gameHall.playerHandler.eject, msg: 19, receivers: [5], opts: {"type":"response","userOptions":{},"isResponse":true}
[2015-06-15 23:55:27.688] [DEBUG] pomelo - [36m[/home/wyw/Documents/Galaxy/game-server/node_modules/pomelo/lib/common/service/sessionService.js] [39msession on [connector-server-1] is closed with session id: 5
[2015-06-15 23:57:57.023] [DEBUG] pomelo - [36m[/home/wyw/Documents/Galaxy/game-server/node_modules/pomelo/lib/components/connector.js] [39m[connector-server-1] getSession session is created with session id: 6
[2015-06-15 23:57:57.222] [DEBUG] pomelo - [36m[/home/wyw/Documents/Galaxy/game-server/node_modules/pomelo/lib/components/connector.js] [39m[connector-server-1] handleMessage session id: 6, msg: {"id":2,"type":0,"compressRoute":1,"route":"connector.entryHandler.entry","body":{},"compressGzip":0}
[2015-06-15 23:57:57.222] [DEBUG] pomelo - [36m[/home/wyw/Documents/Galaxy/game-server/node_modules/pomelo/lib/components/connector.js] [39msession on [connector-server-1] bind with uid: 61
[2015-06-15 23:57:57.222] [DEBUG] pomelo - [36m[/home/wyw/Documents/Galaxy/game-server/node_modules/pomelo/lib/components/connector.js] [39m[connector-server-1] send message reqId: 2, route: connector.entryHandler.entry, msg: {"code":200,"playerId":61}, receivers: [6], opts: {"type":"response","userOptions":{},"isResponse":true}
[2015-06-15 23:57:57.321] [DEBUG] pomelo - [36m[/home/wyw/Documents/Galaxy/game-server/node_modules/pomelo/lib/components/connector.js] [39m[connector-server-1] handleMessage session id: 6, msg: {"id":3,"type":0,"compressRoute":1,"route":"gameHall.playerHandler.addToGame","body":{},"compressGzip":0}
[2015-06-15 23:57:57.327] [DEBUG] pomelo - [36m[/home/wyw/Documents/Galaxy/game-server/node_modules/pomelo/lib/components/connector.js] [39m[connector-server-1] send message reqId: 3, route: gameHall.playerHandler.addToGame, msg: {"playerList":{"11":0,"12":5,"21":7,"22":8,"31":9,"32":10,"41":11,"42":12,"51":17,"52":20,"61":21},"asterList":{"8":{"position":{"x":268.7600900092171,"y":546.2565583709713},"velocity":{"x":-0.3358836251578283,"y":0.3358836251578283},"radius":62.31937085261389,"property":0,"asterId":8},"9":{"position":{"x":836.0901008388835,"y":286.54837761122974},"velocity":{"x":-0.23447909383881707,"y":-0.23447909383881707},"radius":95.93608343675855,"property":0,"asterId":9},"20":{"position":{"x":561.957194423303,"y":680.1040008780546},"velocity":{"x":0,"y":0},"radius":50,"property":0,"asterId":20},"21":{"position":{"x":560.5444518267177,"y":379.4193468405865},"velocity":{"x":0,"y":0},"radius":50,"property":0,"asterId":21}}}, receivers: [6], opts: {"type":"response","userOptions":{},"isResponse":true}
[2015-06-15 23:58:02.426] [DEBUG] pomelo - [36m[/home/wyw/Documents/Galaxy/game-server/node_modules/pomelo/lib/components/connector.js] [39m[connector-server-1] handleMessage session id: 6, msg: {"id":4,"type":0,"compressRoute":1,"route":"gameHall.playerHandler.updateData","body":{},"compressGzip":0}
[2015-06-15 23:58:02.440] [DEBUG] pomelo - [36m[/home/wyw/Documents/Galaxy/game-server/node_modules/pomelo/lib/components/connector.js] [39m[connector-server-1] send message reqId: 4, route: gameHall.playerHandler.updateData, msg: {"playerList":{"11":0,"12":5,"21":7,"22":8,"31":9,"32":10,"41":11,"42":12,"51":17,"52":20,"61":21},"asterList":{"8":{"position":{"x":248.27118887459028,"y":566.7454595056009},"velocity":{"x":-0.3358836251578283,"y":0.3358836251578283},"radius":62.31937085261389,"property":0,"asterId":8},"9":{"position":{"x":821.7868761147175,"y":272.2451528870603},"velocity":{"x":-0.23447909383881707,"y":-0.23447909383881707},"radius":95.93608343675855,"property":0,"asterId":9},"20":{"position":{"x":561.957194423303,"y":680.1040008780546},"velocity":{"x":0,"y":0},"radius":50,"property":0,"asterId":20},"21":{"position":{"x":560.5444518267177,"y":379.4193468405865},"velocity":{"x":0,"y":0},"radius":50,"property":0,"asterId":21}}}, receivers: [6], opts: {"type":"response","userOptions":{},"isResponse":true}
[2015-06-15 23:58:05.127] [DEBUG] pomelo - [36m[/home/wyw/Documents/Galaxy/game-server/node_modules/pomelo/lib/components/connector.js] [39m[connector-server-1] handleMessage session id: 6, msg: {"id":5,"type":0,"compressRoute":1,"route":"gameHall.playerHandler.eject","body":{"angleVector":{"x":-0.9963757751077855,"y":-0.08506065352652524}},"compressGzip":0}
[2015-06-15 23:58:05.135] [DEBUG] pomelo - [36m[/home/wyw/Documents/Galaxy/game-server/node_modules/pomelo/lib/components/connector.js] [39m[connector-server-1] send message reqId: 5, route: gameHall.playerHandler.eject, msg: 22, receivers: [6], opts: {"type":"response","userOptions":{},"isResponse":true}
[2015-06-15 23:58:07.429] [DEBUG] pomelo - [36m[/home/wyw/Documents/Galaxy/game-server/node_modules/pomelo/lib/components/connector.js] [39m[connector-server-1] handleMessage session id: 6, msg: {"id":6,"type":0,"compressRoute":1,"route":"gameHall.playerHandler.updateData","body":{},"compressGzip":0}
[2015-06-15 23:58:07.433] [DEBUG] pomelo - [36m[/home/wyw/Documents/Galaxy/game-server/node_modules/pomelo/lib/components/connector.js] [39m[connector-server-1] send message reqId: 6, route: gameHall.playerHandler.updateData, msg: {"playerList":{"11":0,"12":5,"21":7,"22":8,"31":9,"32":10,"41":11,"42":12,"51":17,"52":20,"61":21},"asterList":{"8":{"position":{"x":228.45405499027808,"y":586.5625933899148},"velocity":{"x":-0.3358836251578283,"y":0.3358836251578283},"radius":62.31937085261389,"property":0,"asterId":8},"9":{"position":{"x":807.9526095782292,"y":258.4108863505686},"velocity":{"x":-0.23447909383881707,"y":-0.23447909383881707},"radius":95.93608343675855,"property":0,"asterId":9},"20":{"position":{"x":561.957194423303,"y":680.1040008780546},"velocity":{"x":0,"y":0},"radius":50,"property":0,"asterId":20},"21":{"position":{"x":592.4186170928109,"y":409.57213909924843},"velocity":{"x":1.153543159051298,"y":1.153543159051298},"radius":48.91391087028794,"property":0,"asterId":21},"22":{"position":{"x":53.38918229685503,"y":336.12347419558535},"velocity":{"x":-16.938388176832355,"y":-1.446031109950929},"radius":19.974978018600925,"property":0,"asterId":22}}}, receivers: [6], opts: {"type":"response","userOptions":{},"isResponse":true}
[2015-06-15 23:58:12.432] [DEBUG] pomelo - [36m[/home/wyw/Documents/Galaxy/game-server/node_modules/pomelo/lib/components/connector.js] [39m[connector-server-1] handleMessage session id: 6, msg: {"id":7,"type":0,"compressRoute":1,"route":"gameHall.playerHandler.updateData","body":{},"compressGzip":0}
[2015-06-15 23:58:12.437] [DEBUG] pomelo - [36m[/home/wyw/Documents/Galaxy/game-server/node_modules/pomelo/lib/components/connector.js] [39m[connector-server-1] send message reqId: 7, route: gameHall.playerHandler.updateData, msg: {"playerList":{"11":0,"12":5,"21":7,"22":8,"31":9,"32":10,"41":11,"42":12,"51":17,"52":20,"61":21},"asterList":{"8":{"position":{"x":208.30103748080805,"y":606.7156108993865},"velocity":{"x":-0.3358836251578283,"y":0.3358836251578283},"radius":62.31937085261389,"property":0,"asterId":8},"9":{"position":{"x":796.6411438562138,"y":247.09942062855137},"velocity":{"x":-0.08085714333643258,"y":-0.08085714333643258},"radius":96.22387070005816,"property":0,"asterId":9},"20":{"position":{"x":561.957194423303,"y":680.1040008780546},"velocity":{"x":0,"y":0},"radius":50,"property":0,"asterId":20},"21":{"position":{"x":661.6312066358895,"y":478.784728642327},"velocity":{"x":1.153543159051298,"y":1.153543159051298},"radius":48.91391087028794,"property":0,"asterId":21}}}, receivers: [6], opts: {"type":"response","userOptions":{},"isResponse":true}
[2015-06-15 23:58:14.934] [DEBUG] pomelo - [36m[/home/wyw/Documents/Galaxy/game-server/node_modules/pomelo/lib/components/connector.js] [39m[connector-server-1] handleMessage session id: 6, msg: {"id":8,"type":0,"compressRoute":1,"route":"gameHall.playerHandler.eject","body":{"angleVector":{"x":-0.9938834162739857,"y":-0.11043439163390813}},"compressGzip":0}
[2015-06-15 23:58:14.945] [DEBUG] pomelo - [36m[/home/wyw/Documents/Galaxy/game-server/node_modules/pomelo/lib/components/connector.js] [39m[connector-server-1] send message reqId: 8, route: gameHall.playerHandler.eject, msg: 23, receivers: [6], opts: {"type":"response","userOptions":{},"isResponse":true}
[2015-06-15 23:58:17.485] [DEBUG] pomelo - [36m[/home/wyw/Documents/Galaxy/game-server/node_modules/pomelo/lib/components/connector.js] [39m[connector-server-1] handleMessage session id: 6, msg: {"id":9,"type":0,"compressRoute":1,"route":"gameHall.playerHandler.updateData","body":{},"compressGzip":0}
[2015-06-15 23:58:17.487] [DEBUG] pomelo - [36m[/home/wyw/Documents/Galaxy/game-server/node_modules/pomelo/lib/components/connector.js] [39m[connector-server-1] send message reqId: 9, route: gameHall.playerHandler.updateData, msg: {"playerList":{"11":0,"12":5,"21":7,"22":8,"31":9,"32":10,"41":11,"42":12,"51":17,"52":20,"61":21},"asterList":{"8":{"position":{"x":188.14801997133802,"y":626.8686284088583},"velocity":{"x":-0.3358836251578283,"y":0.3358836251578283},"radius":62.31937085261389,"property":0,"asterId":8},"9":{"position":{"x":791.7897152560297,"y":242.24799202836553},"velocity":{"x":-0.08085714333643258,"y":-0.08085714333643258},"radius":96.22387070005816,"property":0,"asterId":9},"20":{"position":{"x":561.957194423303,"y":680.1040008780546},"velocity":{"x":0,"y":0},"radius":50,"property":0,"asterId":20},"21":{"position":{"x":768.8835175952299,"y":584.368302555125},"velocity":{"x":2.400521989203406,"y":2.400521989203406},"radius":47.766582178738815,"property":0,"asterId":21},"23":{"position":{"x":175.34852904015185,"y":486.2740004627159},"velocity":{"x":-15.74247491760646,"y":-0.7238414987251403},"radius":20.036217580438066,"property":0,"asterId":23}}}, receivers: [6], opts: {"type":"response","userOptions":{},"isResponse":true}
[2015-06-15 23:58:22.491] [DEBUG] pomelo - [36m[/home/wyw/Documents/Galaxy/game-server/node_modules/pomelo/lib/components/connector.js] [39m[connector-server-1] handleMessage session id: 6, msg: {"id":10,"type":0,"compressRoute":1,"route":"gameHall.playerHandler.updateData","body":{},"compressGzip":0}
[2015-06-15 23:58:22.494] [DEBUG] pomelo - [36m[/home/wyw/Documents/Galaxy/game-server/node_modules/pomelo/lib/components/connector.js] [39m[connector-server-1] send message reqId: 10, route: gameHall.playerHandler.updateData, msg: {"playerList":{"11":0,"12":5,"21":7,"22":8,"31":9,"32":10,"41":11,"42":12,"51":17,"52":20,"61":21},"asterList":{"8":{"position":{"x":168.33088608702582,"y":646.6857622931722},"velocity":{"x":-0.3358836251578283,"y":0.3358836251578283},"radius":62.31937085261389,"property":0,"asterId":8},"9":{"position":{"x":787.019143799182,"y":237.47742057151612},"velocity":{"x":-0.08085714333643258,"y":-0.08085714333643258},"radius":96.22387070005816,"property":0,"asterId":9},"20":{"position":{"x":561.957194423303,"y":680.1040008780546},"velocity":{"x":0,"y":0},"radius":50,"property":0,"asterId":20},"21":{"position":{"x":910.5143149582312,"y":725.9990999181263},"velocity":{"x":2.400521989203406,"y":2.400521989203406},"radius":47.766582178738815,"property":0,"asterId":21},"23":{"position":{"x":793.5299262595059,"y":443.5673520379312},"velocity":{"x":15.74247491760646,"y":-0.7238414987251403},"radius":20.036217580438066,"property":0,"asterId":23}}}, receivers: [6], opts: {"type":"response","userOptions":{},"isResponse":true}
[2015-06-15 23:58:27.443] [DEBUG] pomelo - [36m[/home/wyw/Documents/Galaxy/game-server/node_modules/pomelo/lib/components/connector.js] [39m[connector-server-1] handleMessage session id: 6, msg: {"id":11,"type":0,"compressRoute":1,"route":"gameHall.playerHandler.updateData","body":{},"compressGzip":0}
[2015-06-15 23:58:27.449] [DEBUG] pomelo - [36m[/home/wyw/Documents/Galaxy/game-server/node_modules/pomelo/lib/components/connector.js] [39m[connector-server-1] send message reqId: 11, route: gameHall.playerHandler.updateData, msg: {"playerList":{"11":0,"12":5,"21":7,"22":8,"31":9,"32":10,"41":11,"42":12,"51":17,"52":20,"61":21},"asterList":{"8":{"position":{"x":148.51375220271362,"y":666.502896177486},"velocity":{"x":-0.3358836251578283,"y":0.3358836251578283},"radius":62.31937085261389,"property":0,"asterId":8},"9":{"position":{"x":782.2485723423342,"y":232.7068491146667},"velocity":{"x":-0.08085714333643258,"y":-0.08085714333643258},"radius":96.22387070005816,"property":0,"asterId":9},"20":{"position":{"x":561.957194423303,"y":680.1040008780546},"velocity":{"x":0,"y":0},"radius":50,"property":0,"asterId":20},"21":{"position":{"x":852.3217233212899,"y":636.8369383613948},"velocity":{"x":-2.400521989203406,"y":-2.400521989203406},"radius":47.766582178738815,"property":0,"asterId":21},"23":{"position":{"x":237.59161844083536,"y":400.8607036131465},"velocity":{"x":-15.74247491760646,"y":-0.7238414987251403},"radius":20.036217580438066,"property":0,"asterId":23}}}, receivers: [6], opts: {"type":"response","userOptions":{},"isResponse":true}
[2015-06-15 23:58:32.496] [DEBUG] pomelo - [36m[/home/wyw/Documents/Galaxy/game-server/node_modules/pomelo/lib/components/connector.js] [39m[connector-server-1] handleMessage session id: 6, msg: {"id":12,"type":0,"compressRoute":1,"route":"gameHall.playerHandler.updateData","body":{},"compressGzip":0}
[2015-06-15 23:58:32.500] [DEBUG] pomelo - [36m[/home/wyw/Documents/Galaxy/game-server/node_modules/pomelo/lib/components/connector.js] [39m[connector-server-1] send message reqId: 12, route: gameHall.playerHandler.updateData, msg: {"playerList":{"11":0,"12":5,"21":7,"22":8,"31":9,"32":10,"41":11,"42":12,"51":17,"52":20,"61":21},"asterList":{"8":{"position":{"x":128.3607346932436,"y":686.6559136869578},"velocity":{"x":-0.3358836251578283,"y":0.3358836251578283},"radius":62.31937085261389,"property":0,"asterId":8},"9":{"position":{"x":777.3971437421501,"y":227.85542051448087},"velocity":{"x":-0.08085714333643258,"y":-0.08085714333643258},"radius":96.22387070005816,"property":0,"asterId":9},"20":{"position":{"x":561.957194423303,"y":680.1040008780546},"velocity":{"x":0,"y":0},"radius":50,"property":0,"asterId":20},"21":{"position":{"x":708.2904039690852,"y":492.8056190091901},"velocity":{"x":-2.400521989203406,"y":-2.400521989203406},"radius":47.766582178738815,"property":0,"asterId":21},"23":{"position":{"x":747.0293117764288,"y":357.4302136896366},"velocity":{"x":15.74247491760646,"y":-0.7238414987251403},"radius":20.036217580438066,"property":0,"asterId":23}}}, receivers: [6], opts: {"type":"response","userOptions":{},"isResponse":true}
[2015-06-15 23:58:37.500] [DEBUG] pomelo - [36m[/home/wyw/Documents/Galaxy/game-server/node_modules/pomelo/lib/components/connector.js] [39m[connector-server-1] handleMessage session id: 6, msg: {"id":13,"type":0,"compressRoute":1,"route":"gameHall.playerHandler.updateData","body":{},"compressGzip":0}
[2015-06-15 23:58:37.509] [DEBUG] pomelo - [36m[/home/wyw/Documents/Galaxy/game-server/node_modules/pomelo/lib/components/connector.js] [39m[connector-server-1] send message reqId: 13, route: gameHall.playerHandler.updateData, msg: {"playerList":{"11":0,"12":5,"21":7,"22":8,"31":9,"32":10,"41":11,"42":12,"51":17,"52":20,"61":21},"asterList":{"8":{"position":{"x":108.20771718377355,"y":706.8089311964295},"velocity":{"x":-0.3358836251578283,"y":0.3358836251578283},"radius":62.31937085261389,"property":0,"asterId":8},"9":{"position":{"x":769.982119971877,"y":220.440396744206},"velocity":{"x":-0.15905950080345607,"y":-0.15905950080345607},"radius":96.38456249608963,"property":0,"asterId":9},"20":{"position":{"x":561.957194423303,"y":680.1040008780546},"velocity":{"x":0,"y":0},"radius":50,"property":0,"asterId":20},"21":{"position":{"x":564.2590846168805,"y":348.77429965698536},"velocity":{"x":-2.400521989203406,"y":-2.400521989203406},"radius":47.766582178738815,"property":0,"asterId":21},"23":{"position":{"x":268.34975800630593,"y":313.99972376612675},"velocity":{"x":-15.74247491760646,"y":-0.7238414987251403},"radius":15.287106048472088,"property":0,"asterId":23}}}, receivers: [6], opts: {"type":"response","userOptions":{},"isResponse":true}
[2015-06-15 23:58:42.504] [DEBUG] pomelo - [36m[/home/wyw/Documents/Galaxy/game-server/node_modules/pomelo/lib/components/connector.js] [39m[connector-server-1] handleMessage session id: 6, msg: {"id":14,"type":0,"compressRoute":1,"route":"gameHall.playerHandler.updateData","body":{},"compressGzip":0}
[2015-06-15 23:58:42.509] [DEBUG] pomelo - [36m[/home/wyw/Documents/Galaxy/game-server/node_modules/pomelo/lib/components/connector.js] [39m[connector-server-1] send message reqId: 14, route: gameHall.playerHandler.updateData, msg: {"playerList":{"11":0,"12":5,"21":7,"22":8,"31":9,"32":10,"41":11,"42":12,"51":17,"52":20,"61":21},"asterList":{"8":{"position":{"x":88.39058329946135,"y":726.6260650807434},"velocity":{"x":-0.3358836251578283,"y":0.3358836251578283},"radius":62.31937085261389,"property":0,"asterId":8},"9":{"position":{"x":760.5976094244742,"y":211.05588619680154},"velocity":{"x":-0.15905950080345607,"y":-0.15905950080345607},"radius":96.38456249608963,"property":0,"asterId":9},"20":{"position":{"x":561.957194423303,"y":680.1040008780546},"velocity":{"x":0,"y":0},"radius":50,"property":0,"asterId":20},"21":{"position":{"x":432.3938525879476,"y":216.90906762805247},"velocity":{"x":-1.824678158824037,"y":-1.824678158824037},"radius":48.282903784242514,"property":0,"asterId":21}}}, receivers: [6], opts: {"type":"response","userOptions":{},"isResponse":true}
[2015-06-15 23:58:47.508] [DEBUG] pomelo - [36m[/home/wyw/Documents/Galaxy/game-server/node_modules/pomelo/lib/components/connector.js] [39m[connector-server-1] handleMessage session id: 6, msg: {"id":15,"type":0,"compressRoute":1,"route":"gameHall.playerHandler.updateData","body":{},"compressGzip":0}
[2015-06-15 23:58:47.513] [DEBUG] pomelo - [36m[/home/wyw/Documents/Galaxy/game-server/node_modules/pomelo/lib/components/connector.js] [39m[connector-server-1] send message reqId: 15, route: gameHall.playerHandler.updateData, msg: {"playerList":{"11":0,"12":5,"21":7,"22":8,"31":9,"32":10,"41":11,"42":12,"51":17,"52":20,"61":21},"asterList":{"8":{"position":{"x":68.23756578999132,"y":728.5821757045571},"velocity":{"x":-0.3358836251578283,"y":-0.3358836251578283},"radius":62.31937085261389,"property":0,"asterId":8},"9":{"position":{"x":751.054039376268,"y":201.5123161485936},"velocity":{"x":-0.15905950080345607,"y":-0.15905950080345607},"radius":96.38456249608963,"property":0,"asterId":9},"20":{"position":{"x":561.957194423303,"y":680.1040008780546},"velocity":{"x":0,"y":0},"radius":50,"property":0,"asterId":20},"21":{"position":{"x":322.91316305850506,"y":107.42837809860993},"velocity":{"x":-1.824678158824037,"y":-1.824678158824037},"radius":48.282903784242514,"property":0,"asterId":21}}}, receivers: [6], opts: {"type":"response","userOptions":{},"isResponse":true}
[2015-06-15 23:58:52.510] [DEBUG] pomelo - [36m[/home/wyw/Documents/Galaxy/game-server/node_modules/pomelo/lib/components/connector.js] [39m[connector-server-1] handleMessage session id: 6, msg: {"id":16,"type":0,"compressRoute":1,"route":"gameHall.playerHandler.updateData","body":{},"compressGzip":0}
[2015-06-15 23:58:52.512] [DEBUG] pomelo - [36m[/home/wyw/Documents/Galaxy/game-server/node_modules/pomelo/lib/components/connector.js] [39m[connector-server-1] send message reqId: 16, route: gameHall.playerHandler.updateData, msg: {"playerList":{"11":0,"12":5,"21":7,"22":8,"31":9,"32":10,"41":11,"42":12,"51":17,"52":20,"61":21},"asterList":{"8":{"position":{"x":76.21830979954859,"y":708.7650418202433},"velocity":{"x":0.3358836251578283,"y":-0.3358836251578283},"radius":62.31937085261389,"property":0,"asterId":8},"9":{"position":{"x":741.6695288288652,"y":192.12780560118915},"velocity":{"x":-0.15905950080345607,"y":-0.15905950080345607},"radius":96.38456249608963,"property":0,"asterId":9},"20":{"position":{"x":561.957194423303,"y":680.1040008780546},"velocity":{"x":0,"y":0},"radius":50,"property":0,"asterId":20},"21":{"position":{"x":215.25715168788656,"y":96.79344084049347},"velocity":{"x":-1.824678158824037,"y":1.824678158824037},"radius":48.282903784242514,"property":0,"asterId":21}}}, receivers: [6], opts: {"type":"response","userOptions":{},"isResponse":true}
[2015-06-15 23:58:57.514] [DEBUG] pomelo - [36m[/home/wyw/Documents/Galaxy/game-server/node_modules/pomelo/lib/components/connector.js] [39m[connector-server-1] handleMessage session id: 6, msg: {"id":17,"type":0,"compressRoute":1,"route":"gameHall.playerHandler.updateData","body":{},"compressGzip":0}
[2015-06-15 23:58:57.515] [DEBUG] pomelo - [36m[/home/wyw/Documents/Galaxy/game-server/node_modules/pomelo/lib/components/connector.js] [39m[connector-server-1] send message reqId: 17, route: gameHall.playerHandler.updateData, msg: {"playerList":{"11":0,"12":5,"21":7,"22":8,"31":9,"32":10,"41":11,"42":12,"51":17,"52":20,"61":21},"asterList":{"8":{"position":{"x":96.37132730901862,"y":688.6120243107715},"velocity":{"x":0.3358836251578283,"y":-0.3358836251578283},"radius":62.31937085261389,"property":0,"asterId":8},"9":{"position":{"x":732.125958780659,"y":182.58423555298123},"velocity":{"x":-0.15905950080345607,"y":-0.15905950080345607},"radius":96.38456249608963,"property":0,"asterId":9},"20":{"position":{"x":561.957194423303,"y":680.1040008780546},"velocity":{"x":0,"y":0},"radius":50,"property":0,"asterId":20},"21":{"position":{"x":105.77646215844402,"y":206.27413036993602},"velocity":{"x":-1.824678158824037,"y":1.824678158824037},"radius":48.282903784242514,"property":0,"asterId":21}}}, receivers: [6], opts: {"type":"response","userOptions":{},"isResponse":true}
[2015-06-15 23:59:00.366] [DEBUG] pomelo - [36m[/home/wyw/Documents/Galaxy/game-server/node_modules/pomelo/lib/common/service/sessionService.js] [39msession on [connector-server-1] is closed with session id: 6
